2025/07/25 17:25:24 [notice] 1#1: using the "epoll" event method
2025/07/25 17:25:24 [notice] 1#1: nginx/1.28.0
2025/07/25 17:25:24 [notice] 1#1: built by gcc 14.2.0 (Alpine 14.2.0) 
2025/07/25 17:25:24 [notice] 1#1: OS: Linux 6.14.0-24-generic
2025/07/25 17:25:24 [notice] 1#1: getrlimit(RLIMIT_NOFILE): 1048576:1048576
2025/07/25 17:25:24 [notice] 1#1: start worker processes
2025/07/25 17:25:24 [notice] 1#1: start worker process 30
2025/07/25 17:25:24 [notice] 1#1: start worker process 31
2025/07/25 17:25:24 [notice] 1#1: start worker process 32
2025/07/25 17:25:24 [notice] 1#1: start worker process 33
2025/07/25 17:25:24 [notice] 1#1: start worker process 34
2025/07/25 17:25:24 [notice] 1#1: start worker process 35
2025/07/25 17:49:14 [notice] 1#1: using the "epoll" event method
2025/07/25 17:49:14 [notice] 1#1: nginx/1.28.0
2025/07/25 17:49:14 [notice] 1#1: built by gcc 14.2.0 (Alpine 14.2.0) 
2025/07/25 17:49:14 [notice] 1#1: OS: Linux 6.14.0-24-generic
2025/07/25 17:49:14 [notice] 1#1: getrlimit(RLIMIT_NOFILE): 1048576:1048576
2025/07/25 17:49:14 [notice] 1#1: start worker processes
2025/07/25 17:49:14 [notice] 1#1: start worker process 21
2025/07/25 17:49:14 [notice] 1#1: start worker process 22
2025/07/25 17:49:14 [notice] 1#1: start worker process 23
2025/07/25 17:49:14 [notice] 1#1: start worker process 24
2025/07/25 17:49:14 [notice] 1#1: start worker process 25
2025/07/25 17:49:14 [notice] 1#1: start worker process 26
2025/07/25 18:09:24 [notice] 1#1: using the "epoll" event method
2025/07/25 18:09:24 [notice] 1#1: nginx/1.28.0
2025/07/25 18:09:24 [notice] 1#1: built by gcc 14.2.0 (Alpine 14.2.0) 
2025/07/25 18:09:24 [notice] 1#1: OS: Linux 6.14.0-24-generic
2025/07/25 18:09:24 [notice] 1#1: getrlimit(RLIMIT_NOFILE): 1048576:1048576
2025/07/25 18:09:24 [notice] 1#1: start worker processes
2025/07/25 18:09:24 [notice] 1#1: start worker process 31
2025/07/25 18:09:24 [notice] 1#1: start worker process 32
2025/07/25 18:09:24 [notice] 1#1: start worker process 33
2025/07/25 18:09:24 [notice] 1#1: start worker process 34
2025/07/25 18:09:24 [notice] 1#1: start worker process 35
2025/07/25 18:09:24 [notice] 1#1: start worker process 36
2025/07/25 18:20:31 [notice] 1#1: using the "epoll" event method
2025/07/25 18:20:31 [notice] 1#1: nginx/1.28.0
2025/07/25 18:20:31 [notice] 1#1: built by gcc 14.2.0 (Alpine 14.2.0) 
2025/07/25 18:20:31 [notice] 1#1: OS: Linux 6.14.0-24-generic
2025/07/25 18:20:31 [notice] 1#1: getrlimit(RLIMIT_NOFILE): 1048576:1048576
2025/07/25 18:20:31 [notice] 1#1: start worker processes
2025/07/25 18:20:31 [notice] 1#1: start worker process 30
2025/07/25 18:20:31 [notice] 1#1: start worker process 31
2025/07/25 18:20:31 [notice] 1#1: start worker process 32
2025/07/25 18:20:31 [notice] 1#1: start worker process 33
2025/07/25 18:20:31 [notice] 1#1: start worker process 34
2025/07/25 18:20:31 [notice] 1#1: start worker process 35
2025/07/25 18:20:31 [notice] 1#1: start worker process 36
2025/07/25 18:20:31 [notice] 1#1: start worker process 37
2025/07/25 18:53:53 [notice] 1#1: using the "epoll" event method
2025/07/25 18:53:53 [notice] 1#1: nginx/1.28.0
2025/07/25 18:53:53 [notice] 1#1: built by gcc 14.2.0 (Alpine 14.2.0) 
2025/07/25 18:53:53 [notice] 1#1: OS: Linux 6.14.0-24-generic
2025/07/25 18:53:53 [notice] 1#1: getrlimit(RLIMIT_NOFILE): 1048576:1048576
2025/07/25 18:53:53 [notice] 1#1: start worker processes
2025/07/25 18:53:53 [notice] 1#1: start worker process 31
2025/07/25 18:53:53 [notice] 1#1: start worker process 32
2025/07/25 18:53:53 [notice] 1#1: start worker process 33
2025/07/25 18:53:53 [notice] 1#1: start worker process 34
2025/07/25 18:53:53 [notice] 1#1: start worker process 35
2025/07/25 18:53:53 [notice] 1#1: start worker process 36
2025/07/25 18:53:53 [notice] 1#1: start worker process 37
2025/07/25 18:53:53 [notice] 1#1: start worker process 38
2025/07/25 18:55:23 [notice] 1#1: signal 3 (SIGQUIT) received, shutting down
2025/07/25 18:55:23 [notice] 31#31: gracefully shutting down
2025/07/25 18:55:23 [notice] 31#31: exiting
2025/07/25 18:55:23 [notice] 33#33: gracefully shutting down
2025/07/25 18:55:23 [notice] 33#33: exiting
2025/07/25 18:55:23 [notice] 31#31: exit
2025/07/25 18:55:23 [notice] 33#33: exit
2025/07/25 18:55:23 [notice] 34#34: gracefully shutting down
2025/07/25 18:55:23 [notice] 34#34: exiting
2025/07/25 18:55:23 [notice] 38#38: gracefully shutting down
2025/07/25 18:55:23 [notice] 38#38: exiting
2025/07/25 18:55:23 [notice] 34#34: exit
2025/07/25 18:55:23 [notice] 38#38: exit
2025/07/25 18:55:23 [notice] 35#35: gracefully shutting down
2025/07/25 18:55:23 [notice] 35#35: exiting
2025/07/25 18:55:23 [notice] 35#35: exit
2025/07/25 18:55:23 [notice] 32#32: gracefully shutting down
2025/07/25 18:55:23 [notice] 32#32: exiting
2025/07/25 18:55:23 [notice] 32#32: exit
2025/07/25 18:55:23 [notice] 36#36: gracefully shutting down
2025/07/25 18:55:23 [notice] 36#36: exiting
2025/07/25 18:55:23 [notice] 37#37: gracefully shutting down
2025/07/25 18:55:23 [notice] 37#37: exiting
2025/07/25 18:55:23 [notice] 37#37: exit
2025/07/25 18:55:23 [notice] 36#36: exit
2025/07/25 18:55:23 [notice] 1#1: signal 17 (SIGCHLD) received from 34
2025/07/25 18:55:23 [notice] 1#1: worker process 34 exited with code 0
2025/07/25 18:55:23 [notice] 1#1: signal 29 (SIGIO) received
2025/07/25 18:55:23 [notice] 1#1: signal 17 (SIGCHLD) received from 38
2025/07/25 18:55:23 [notice] 1#1: worker process 38 exited with code 0
2025/07/25 18:55:23 [notice] 1#1: signal 29 (SIGIO) received
2025/07/25 18:55:23 [notice] 1#1: signal 17 (SIGCHLD) received from 31
2025/07/25 18:55:23 [notice] 1#1: worker process 31 exited with code 0
2025/07/25 18:55:23 [notice] 1#1: signal 29 (SIGIO) received
2025/07/25 18:55:23 [notice] 1#1: signal 17 (SIGCHLD) received from 35
2025/07/25 18:55:23 [notice] 1#1: worker process 35 exited with code 0
2025/07/25 18:55:23 [notice] 1#1: worker process 37 exited with code 0
2025/07/25 18:55:23 [notice] 1#1: signal 29 (SIGIO) received
2025/07/25 18:55:23 [notice] 1#1: signal 17 (SIGCHLD) received from 33
2025/07/25 18:55:23 [notice] 1#1: worker process 33 exited with code 0
2025/07/25 18:55:23 [notice] 1#1: signal 29 (SIGIO) received
2025/07/25 18:55:23 [notice] 1#1: signal 17 (SIGCHLD) received from 32
2025/07/25 18:55:23 [notice] 1#1: worker process 32 exited with code 0
2025/07/25 18:55:23 [notice] 1#1: worker process 36 exited with code 0
2025/07/25 18:55:23 [notice] 1#1: exit
2025/07/25 18:55:46 [notice] 1#1: using the "epoll" event method
2025/07/25 18:55:46 [notice] 1#1: nginx/1.28.0
2025/07/25 18:55:46 [notice] 1#1: built by gcc 14.2.0 (Alpine 14.2.0) 
2025/07/25 18:55:46 [notice] 1#1: OS: Linux 6.14.0-24-generic
2025/07/25 18:55:46 [notice] 1#1: getrlimit(RLIMIT_NOFILE): 1048576:1048576
2025/07/25 18:55:46 [notice] 1#1: start worker processes
2025/07/25 18:55:46 [notice] 1#1: start worker process 30
2025/07/25 18:55:46 [notice] 1#1: start worker process 31
2025/07/25 18:55:46 [notice] 1#1: start worker process 32
2025/07/25 18:55:46 [notice] 1#1: start worker process 33
2025/07/25 18:55:46 [notice] 1#1: start worker process 34
2025/07/25 18:55:46 [notice] 1#1: start worker process 35
2025/07/25 18:55:46 [notice] 1#1: start worker process 36
2025/07/25 18:55:46 [notice] 1#1: start worker process 37
2025/07/25 19:11:55 [notice] 1#1: signal 3 (SIGQUIT) received, shutting down
2025/07/25 19:11:55 [notice] 30#30: gracefully shutting down
2025/07/25 19:11:55 [notice] 30#30: exiting
2025/07/25 19:11:55 [notice] 32#32: gracefully shutting down
2025/07/25 19:11:55 [notice] 31#31: gracefully shutting down
2025/07/25 19:11:55 [notice] 32#32: exiting
2025/07/25 19:11:55 [notice] 31#31: exiting
2025/07/25 19:11:55 [notice] 33#33: gracefully shutting down
2025/07/25 19:11:55 [notice] 33#33: exiting
2025/07/25 19:11:55 [notice] 34#34: gracefully shutting down
2025/07/25 19:11:55 [notice] 34#34: exiting
2025/07/25 19:11:55 [notice] 35#35: gracefully shutting down
2025/07/25 19:11:55 [notice] 35#35: exiting
2025/07/25 19:11:55 [notice] 36#36: gracefully shutting down
2025/07/25 19:11:55 [notice] 36#36: exiting
2025/07/25 19:11:55 [notice] 37#37: gracefully shutting down
2025/07/25 19:11:55 [notice] 37#37: exiting
2025/07/25 19:11:55 [notice] 30#30: exit
2025/07/25 19:11:55 [notice] 36#36: exit
2025/07/25 19:11:55 [notice] 32#32: exit
2025/07/25 19:11:55 [notice] 31#31: exit
2025/07/25 19:11:55 [notice] 35#35: exit
2025/07/25 19:11:55 [notice] 33#33: exit
2025/07/25 19:11:55 [notice] 34#34: exit
2025/07/25 19:11:55 [notice] 37#37: exit
2025/07/25 19:11:55 [notice] 1#1: signal 17 (SIGCHLD) received from 31
2025/07/25 19:11:55 [notice] 1#1: worker process 31 exited with code 0
2025/07/25 19:11:55 [notice] 1#1: signal 29 (SIGIO) received
2025/07/25 19:11:55 [notice] 1#1: signal 17 (SIGCHLD) received from 36
2025/07/25 19:11:55 [notice] 1#1: worker process 36 exited with code 0
2025/07/25 19:11:55 [notice] 1#1: signal 29 (SIGIO) received
2025/07/25 19:11:55 [notice] 1#1: signal 17 (SIGCHLD) received from 37
2025/07/25 19:11:55 [notice] 1#1: worker process 37 exited with code 0
2025/07/25 19:11:55 [notice] 1#1: signal 29 (SIGIO) received
2025/07/25 19:11:55 [notice] 1#1: signal 17 (SIGCHLD) received from 30
2025/07/25 19:11:55 [notice] 1#1: worker process 30 exited with code 0
2025/07/25 19:11:55 [notice] 1#1: signal 29 (SIGIO) received
2025/07/25 19:11:55 [notice] 1#1: signal 17 (SIGCHLD) received from 33
2025/07/25 19:11:55 [notice] 1#1: worker process 32 exited with code 0
2025/07/25 19:11:55 [notice] 1#1: worker process 33 exited with code 0
2025/07/25 19:11:55 [notice] 1#1: signal 29 (SIGIO) received
2025/07/25 19:11:55 [notice] 1#1: signal 17 (SIGCHLD) received from 32
2025/07/25 19:11:55 [notice] 1#1: worker process 35 exited with code 0
2025/07/25 19:11:55 [notice] 1#1: signal 29 (SIGIO) received
2025/07/25 19:11:55 [notice] 1#1: signal 17 (SIGCHLD) received from 34
2025/07/25 19:11:55 [notice] 1#1: worker process 34 exited with code 0
2025/07/25 19:11:55 [notice] 1#1: exit
2025/07/25 19:12:24 [notice] 1#1: using the "epoll" event method
2025/07/25 19:12:24 [notice] 1#1: nginx/1.28.0
2025/07/25 19:12:24 [notice] 1#1: built by gcc 14.2.0 (Alpine 14.2.0) 
2025/07/25 19:12:24 [notice] 1#1: OS: Linux 6.14.0-24-generic
2025/07/25 19:12:24 [notice] 1#1: getrlimit(RLIMIT_NOFILE): 1048576:1048576
2025/07/25 19:12:24 [notice] 1#1: start worker processes
2025/07/25 19:12:24 [notice] 1#1: start worker process 30
2025/07/25 19:12:24 [notice] 1#1: start worker process 31
2025/07/25 19:12:24 [notice] 1#1: start worker process 32
2025/07/25 19:12:24 [notice] 1#1: start worker process 33
2025/07/25 19:12:24 [notice] 1#1: start worker process 34
2025/07/25 19:12:24 [notice] 1#1: start worker process 35
2025/07/25 19:12:24 [notice] 1#1: start worker process 36
2025/07/25 19:12:24 [notice] 1#1: start worker process 37
2025/07/25 19:17:57 [notice] 1#1: using the "epoll" event method
2025/07/25 19:17:57 [notice] 1#1: nginx/1.28.0
2025/07/25 19:17:57 [notice] 1#1: built by gcc 14.2.0 (Alpine 14.2.0) 
2025/07/25 19:17:57 [notice] 1#1: OS: Linux 6.14.0-24-generic
2025/07/25 19:17:57 [notice] 1#1: getrlimit(RLIMIT_NOFILE): 1048576:1048576
2025/07/25 19:17:57 [notice] 1#1: start worker processes
2025/07/25 19:17:57 [notice] 1#1: start worker process 30
2025/07/25 19:17:57 [notice] 1#1: start worker process 31
2025/07/25 19:17:57 [notice] 1#1: start worker process 32
2025/07/25 19:17:57 [notice] 1#1: start worker process 33
2025/07/25 19:17:57 [notice] 1#1: start worker process 34
2025/07/25 19:17:57 [notice] 1#1: start worker process 35
2025/07/25 19:17:57 [notice] 1#1: start worker process 36
2025/07/25 19:17:57 [notice] 1#1: start worker process 37
2025/07/25 19:17:57 [notice] 1#1: start worker process 38
2025/07/25 19:17:57 [notice] 1#1: start worker process 39
2025/07/25 19:24:44 [notice] 1#1: signal 3 (SIGQUIT) received, shutting down
2025/07/25 19:24:44 [notice] 32#32: gracefully shutting down
2025/07/25 19:24:44 [notice] 32#32: exiting
2025/07/25 19:24:44 [notice] 33#33: gracefully shutting down
2025/07/25 19:24:44 [notice] 33#33: exiting
2025/07/25 19:24:44 [notice] 33#33: exit
2025/07/25 19:24:44 [notice] 31#31: gracefully shutting down
2025/07/25 19:24:44 [notice] 31#31: exiting
2025/07/25 19:24:44 [notice] 31#31: exit
2025/07/25 19:24:44 [notice] 32#32: exit
2025/07/25 19:24:44 [notice] 36#36: gracefully shutting down
2025/07/25 19:24:44 [notice] 36#36: exiting
2025/07/25 19:24:44 [notice] 36#36: exit
2025/07/25 19:24:44 [notice] 34#34: gracefully shutting down
2025/07/25 19:24:44 [notice] 34#34: exiting
2025/07/25 19:24:44 [notice] 34#34: exit
2025/07/25 19:24:44 [notice] 39#39: gracefully shutting down
2025/07/25 19:24:44 [notice] 39#39: exiting
2025/07/25 19:24:44 [notice] 39#39: exit
2025/07/25 19:24:44 [notice] 38#38: gracefully shutting down
2025/07/25 19:24:44 [notice] 38#38: exiting
2025/07/25 19:24:44 [notice] 38#38: exit
2025/07/25 19:24:44 [notice] 30#30: gracefully shutting down
2025/07/25 19:24:44 [notice] 30#30: exiting
2025/07/25 19:24:44 [notice] 37#37: gracefully shutting down
2025/07/25 19:24:44 [notice] 37#37: exiting
2025/07/25 19:24:44 [notice] 37#37: exit
2025/07/25 19:24:44 [notice] 30#30: exit
2025/07/25 19:24:44 [notice] 35#35: gracefully shutting down
2025/07/25 19:24:44 [notice] 35#35: exiting
2025/07/25 19:24:44 [notice] 35#35: exit
2025/07/25 19:24:44 [notice] 1#1: signal 17 (SIGCHLD) received from 31
2025/07/25 19:24:44 [notice] 1#1: worker process 31 exited with code 0
2025/07/25 19:24:44 [notice] 1#1: signal 29 (SIGIO) received
2025/07/25 19:24:44 [notice] 1#1: signal 17 (SIGCHLD) received from 39
2025/07/25 19:24:44 [notice] 1#1: worker process 39 exited with code 0
2025/07/25 19:24:44 [notice] 1#1: signal 29 (SIGIO) received
2025/07/25 19:24:44 [notice] 1#1: signal 17 (SIGCHLD) received from 32
2025/07/25 19:24:44 [notice] 1#1: worker process 32 exited with code 0
2025/07/25 19:24:44 [notice] 1#1: worker process 33 exited with code 0
2025/07/25 19:24:44 [notice] 1#1: worker process 36 exited with code 0
2025/07/25 19:24:44 [notice] 1#1: signal 29 (SIGIO) received
2025/07/25 19:24:44 [notice] 1#1: signal 17 (SIGCHLD) received from 36
2025/07/25 19:24:44 [notice] 1#1: worker process 34 exited with code 0
2025/07/25 19:24:44 [notice] 1#1: worker process 38 exited with code 0
2025/07/25 19:24:44 [notice] 1#1: signal 29 (SIGIO) received
2025/07/25 19:24:44 [notice] 1#1: signal 17 (SIGCHLD) received from 38
2025/07/25 19:24:44 [notice] 1#1: signal 17 (SIGCHLD) received from 37
2025/07/25 19:24:44 [notice] 1#1: worker process 37 exited with code 0
2025/07/25 19:24:44 [notice] 1#1: signal 29 (SIGIO) received
2025/07/25 19:24:44 [notice] 1#1: signal 17 (SIGCHLD) received from 30
2025/07/25 19:24:44 [notice] 1#1: worker process 30 exited with code 0
2025/07/25 19:24:44 [notice] 1#1: signal 29 (SIGIO) received
2025/07/25 19:24:44 [notice] 1#1: signal 17 (SIGCHLD) received from 35
2025/07/25 19:24:44 [notice] 1#1: worker process 35 exited with code 0
2025/07/25 19:24:44 [notice] 1#1: exit
2025/07/25 19:25:37 [notice] 1#1: using the "epoll" event method
2025/07/25 19:25:37 [notice] 1#1: nginx/1.28.0
2025/07/25 19:25:37 [notice] 1#1: built by gcc 14.2.0 (Alpine 14.2.0) 
2025/07/25 19:25:37 [notice] 1#1: OS: Linux 6.14.0-24-generic
2025/07/25 19:25:37 [notice] 1#1: getrlimit(RLIMIT_NOFILE): 1048576:1048576
2025/07/25 19:25:37 [notice] 1#1: start worker processes
2025/07/25 19:25:37 [notice] 1#1: start worker process 31
2025/07/25 19:25:37 [notice] 1#1: start worker process 32
2025/07/25 19:25:37 [notice] 1#1: start worker process 33
2025/07/25 19:25:37 [notice] 1#1: start worker process 34
2025/07/25 19:25:37 [notice] 1#1: start worker process 35
2025/07/25 19:25:37 [notice] 1#1: start worker process 36
2025/07/25 19:25:37 [notice] 1#1: start worker process 37
2025/07/25 19:25:37 [notice] 1#1: start worker process 38
2025/07/25 19:25:37 [notice] 1#1: start worker process 39
2025/07/25 19:25:37 [notice] 1#1: start worker process 40
2025/07/25 19:27:03 [notice] 1#1: signal 3 (SIGQUIT) received, shutting down
2025/07/25 19:27:03 [notice] 31#31: gracefully shutting down
2025/07/25 19:27:03 [notice] 31#31: exiting
2025/07/25 19:27:03 [notice] 31#31: exit
2025/07/25 19:27:03 [notice] 34#34: gracefully shutting down
2025/07/25 19:27:03 [notice] 34#34: exiting
2025/07/25 19:27:03 [notice] 34#34: exit
2025/07/25 19:27:03 [notice] 36#36: gracefully shutting down
2025/07/25 19:27:03 [notice] 36#36: exiting
2025/07/25 19:27:03 [notice] 38#38: gracefully shutting down
2025/07/25 19:27:03 [notice] 38#38: exiting
2025/07/25 19:27:03 [notice] 38#38: exit
2025/07/25 19:27:03 [notice] 32#32: gracefully shutting down
2025/07/25 19:27:03 [notice] 32#32: exiting
2025/07/25 19:27:03 [notice] 32#32: exit
2025/07/25 19:27:03 [notice] 37#37: gracefully shutting down
2025/07/25 19:27:03 [notice] 37#37: exiting
2025/07/25 19:27:03 [notice] 35#35: gracefully shutting down
2025/07/25 19:27:03 [notice] 35#35: exiting
2025/07/25 19:27:03 [notice] 35#35: exit
2025/07/25 19:27:03 [notice] 33#33: gracefully shutting down
2025/07/25 19:27:03 [notice] 33#33: exiting
2025/07/25 19:27:03 [notice] 33#33: exit
2025/07/25 19:27:03 [notice] 36#36: exit
2025/07/25 19:27:03 [notice] 39#39: gracefully shutting down
2025/07/25 19:27:03 [notice] 39#39: exiting
2025/07/25 19:27:03 [notice] 39#39: exit
2025/07/25 19:27:03 [notice] 40#40: gracefully shutting down
2025/07/25 19:27:03 [notice] 40#40: exiting
2025/07/25 19:27:03 [notice] 37#37: exit
2025/07/25 19:27:03 [notice] 40#40: exit
2025/07/25 19:27:03 [notice] 1#1: signal 17 (SIGCHLD) received from 32
2025/07/25 19:27:03 [notice] 1#1: worker process 32 exited with code 0
2025/07/25 19:27:03 [notice] 1#1: worker process 35 exited with code 0
2025/07/25 19:27:03 [notice] 1#1: signal 29 (SIGIO) received
2025/07/25 19:27:03 [notice] 1#1: signal 17 (SIGCHLD) received from 34
2025/07/25 19:27:03 [notice] 1#1: worker process 34 exited with code 0
2025/07/25 19:27:03 [notice] 1#1: signal 29 (SIGIO) received
2025/07/25 19:27:03 [notice] 1#1: signal 17 (SIGCHLD) received from 39
2025/07/25 19:27:03 [notice] 1#1: worker process 33 exited with code 0
2025/07/25 19:27:03 [notice] 1#1: worker process 36 exited with code 0
2025/07/25 19:27:03 [notice] 1#1: worker process 37 exited with code 0
2025/07/25 19:27:03 [notice] 1#1: worker process 39 exited with code 0
2025/07/25 19:27:03 [notice] 1#1: signal 29 (SIGIO) received
2025/07/25 19:27:03 [notice] 1#1: signal 17 (SIGCHLD) received from 31
2025/07/25 19:27:03 [notice] 1#1: worker process 31 exited with code 0
2025/07/25 19:27:03 [notice] 1#1: signal 29 (SIGIO) received
2025/07/25 19:27:03 [notice] 1#1: signal 17 (SIGCHLD) received from 38
2025/07/25 19:27:03 [notice] 1#1: worker process 38 exited with code 0
2025/07/25 19:27:03 [notice] 1#1: worker process 40 exited with code 0
2025/07/25 19:27:03 [notice] 1#1: exit
2025/07/25 19:28:50 [notice] 1#1: using the "epoll" event method
2025/07/25 19:28:50 [notice] 1#1: nginx/1.28.0
2025/07/25 19:28:50 [notice] 1#1: built by gcc 14.2.0 (Alpine 14.2.0) 
2025/07/25 19:28:50 [notice] 1#1: OS: Linux 6.14.0-24-generic
2025/07/25 19:28:50 [notice] 1#1: getrlimit(RLIMIT_NOFILE): 1048576:1048576
2025/07/25 19:28:50 [notice] 1#1: start worker processes
2025/07/25 19:28:50 [notice] 1#1: start worker process 30
2025/07/25 19:28:50 [notice] 1#1: start worker process 31
2025/07/25 19:28:50 [notice] 1#1: start worker process 32
2025/07/25 19:28:50 [notice] 1#1: start worker process 33
2025/07/25 19:28:50 [notice] 1#1: start worker process 34
2025/07/25 19:28:50 [notice] 1#1: start worker process 35
2025/07/25 19:28:50 [notice] 1#1: start worker process 36
2025/07/25 19:28:50 [notice] 1#1: start worker process 37
2025/07/25 19:28:50 [notice] 1#1: start worker process 38
2025/07/25 19:28:50 [notice] 1#1: start worker process 39
2025/07/25 19:36:06 [notice] 1#1: signal 3 (SIGQUIT) received, shutting down
2025/07/25 19:36:06 [notice] 35#35: gracefully shutting down
2025/07/25 19:36:06 [notice] 35#35: exiting
2025/07/25 19:36:06 [notice] 35#35: exit
2025/07/25 19:36:06 [notice] 31#31: gracefully shutting down
2025/07/25 19:36:06 [notice] 31#31: exiting
2025/07/25 19:36:06 [notice] 31#31: exit
2025/07/25 19:36:06 [notice] 37#37: gracefully shutting down
2025/07/25 19:36:06 [notice] 37#37: exiting
2025/07/25 19:36:06 [notice] 36#36: gracefully shutting down
2025/07/25 19:36:06 [notice] 36#36: exiting
2025/07/25 19:36:06 [notice] 36#36: exit
2025/07/25 19:36:06 [notice] 37#37: exit
2025/07/25 19:36:06 [notice] 32#32: gracefully shutting down
2025/07/25 19:36:06 [notice] 32#32: exiting
2025/07/25 19:36:06 [notice] 32#32: exit
2025/07/25 19:36:06 [notice] 30#30: gracefully shutting down
2025/07/25 19:36:06 [notice] 30#30: exiting
2025/07/25 19:36:06 [notice] 30#30: exit
2025/07/25 19:36:06 [notice] 39#39: gracefully shutting down
2025/07/25 19:36:06 [notice] 39#39: exiting
2025/07/25 19:36:06 [notice] 39#39: exit
2025/07/25 19:36:06 [notice] 34#34: gracefully shutting down
2025/07/25 19:36:06 [notice] 38#38: gracefully shutting down
2025/07/25 19:36:06 [notice] 34#34: exiting
2025/07/25 19:36:06 [notice] 38#38: exiting
2025/07/25 19:36:06 [notice] 34#34: exit
2025/07/25 19:36:06 [notice] 38#38: exit
2025/07/25 19:36:06 [notice] 33#33: gracefully shutting down
2025/07/25 19:36:06 [notice] 33#33: exiting
2025/07/25 19:36:06 [notice] 33#33: exit
2025/07/25 19:36:06 [notice] 1#1: signal 17 (SIGCHLD) received from 37
2025/07/25 19:36:06 [notice] 1#1: worker process 37 exited with code 0
2025/07/25 19:36:06 [notice] 1#1: signal 29 (SIGIO) received
2025/07/25 19:36:06 [notice] 1#1: signal 17 (SIGCHLD) received from 38
2025/07/25 19:36:06 [notice] 1#1: worker process 38 exited with code 0
2025/07/25 19:36:06 [notice] 1#1: signal 29 (SIGIO) received
2025/07/25 19:36:06 [notice] 1#1: signal 17 (SIGCHLD) received from 30
2025/07/25 19:36:06 [notice] 1#1: worker process 30 exited with code 0
2025/07/25 19:36:06 [notice] 1#1: worker process 35 exited with code 0
2025/07/25 19:36:06 [notice] 1#1: signal 29 (SIGIO) received
2025/07/25 19:36:06 [notice] 1#1: signal 17 (SIGCHLD) received from 35
2025/07/25 19:36:06 [notice] 1#1: signal 17 (SIGCHLD) received from 32
2025/07/25 19:36:06 [notice] 1#1: worker process 32 exited with code 0
2025/07/25 19:36:06 [notice] 1#1: signal 29 (SIGIO) received
2025/07/25 19:36:06 [notice] 1#1: signal 17 (SIGCHLD) received from 31
2025/07/25 19:36:06 [notice] 1#1: worker process 31 exited with code 0
2025/07/25 19:36:06 [notice] 1#1: worker process 33 exited with code 0
2025/07/25 19:36:06 [notice] 1#1: worker process 34 exited with code 0
2025/07/25 19:36:06 [notice] 1#1: worker process 36 exited with code 0
2025/07/25 19:36:06 [notice] 1#1: worker process 39 exited with code 0
2025/07/25 19:36:06 [notice] 1#1: exit
2025/07/25 19:36:42 [notice] 1#1: using the "epoll" event method
2025/07/25 19:36:42 [notice] 1#1: nginx/1.28.0
2025/07/25 19:36:42 [notice] 1#1: built by gcc 14.2.0 (Alpine 14.2.0) 
2025/07/25 19:36:42 [notice] 1#1: OS: Linux 6.14.0-24-generic
2025/07/25 19:36:42 [notice] 1#1: getrlimit(RLIMIT_NOFILE): 1048576:1048576
2025/07/25 19:36:42 [notice] 1#1: start worker processes
2025/07/25 19:36:42 [notice] 1#1: start worker process 30
2025/07/25 19:36:42 [notice] 1#1: start worker process 31
2025/07/25 19:36:42 [notice] 1#1: start worker process 32
2025/07/25 19:36:42 [notice] 1#1: start worker process 33
2025/07/25 19:36:42 [notice] 1#1: start worker process 34
2025/07/25 19:36:42 [notice] 1#1: start worker process 35
2025/07/25 19:36:42 [notice] 1#1: start worker process 36
2025/07/25 19:36:42 [notice] 1#1: start worker process 37
2025/07/25 19:36:42 [notice] 1#1: start worker process 38
2025/07/25 19:36:42 [notice] 1#1: start worker process 39
2025/07/25 19:40:52 [notice] 1#1: signal 3 (SIGQUIT) received, shutting down
2025/07/25 19:40:52 [notice] 31#31: gracefully shutting down
2025/07/25 19:40:52 [notice] 31#31: exiting
2025/07/25 19:40:52 [notice] 31#31: exit
2025/07/25 19:40:52 [notice] 34#34: gracefully shutting down
2025/07/25 19:40:52 [notice] 34#34: exiting
2025/07/25 19:40:52 [notice] 34#34: exit
2025/07/25 19:40:52 [notice] 30#30: gracefully shutting down
2025/07/25 19:40:52 [notice] 30#30: exiting
2025/07/25 19:40:52 [notice] 32#32: gracefully shutting down
2025/07/25 19:40:52 [notice] 32#32: exiting
2025/07/25 19:40:52 [notice] 33#33: gracefully shutting down
2025/07/25 19:40:52 [notice] 33#33: exiting
2025/07/25 19:40:52 [notice] 35#35: gracefully shutting down
2025/07/25 19:40:52 [notice] 35#35: exiting
2025/07/25 19:40:52 [notice] 36#36: gracefully shutting down
2025/07/25 19:40:52 [notice] 36#36: exiting
2025/07/25 19:40:52 [notice] 38#38: gracefully shutting down
2025/07/25 19:40:52 [notice] 32#32: exit
2025/07/25 19:40:52 [notice] 38#38: exiting
2025/07/25 19:40:52 [notice] 30#30: exit
2025/07/25 19:40:52 [notice] 37#37: gracefully shutting down
2025/07/25 19:40:52 [notice] 37#37: exiting
2025/07/25 19:40:52 [notice] 39#39: gracefully shutting down
2025/07/25 19:40:52 [notice] 37#37: exit
2025/07/25 19:40:52 [notice] 39#39: exiting
2025/07/25 19:40:52 [notice] 39#39: exit
2025/07/25 19:40:52 [notice] 33#33: exit
2025/07/25 19:40:52 [notice] 35#35: exit
2025/07/25 19:40:52 [notice] 36#36: exit
2025/07/25 19:40:52 [notice] 38#38: exit
2025/07/25 19:40:52 [notice] 1#1: signal 17 (SIGCHLD) received from 34
2025/07/25 19:40:52 [notice] 1#1: worker process 31 exited with code 0
2025/07/25 19:40:52 [notice] 1#1: worker process 34 exited with code 0
2025/07/25 19:40:52 [notice] 1#1: signal 29 (SIGIO) received
2025/07/25 19:40:52 [notice] 1#1: signal 17 (SIGCHLD) received from 30
2025/07/25 19:40:52 [notice] 1#1: worker process 30 exited with code 0
2025/07/25 19:40:52 [notice] 1#1: signal 29 (SIGIO) received
2025/07/25 19:40:52 [notice] 1#1: signal 17 (SIGCHLD) received from 32
2025/07/25 19:40:52 [notice] 1#1: worker process 32 exited with code 0
2025/07/25 19:40:52 [notice] 1#1: signal 29 (SIGIO) received
2025/07/25 19:40:52 [notice] 1#1: signal 17 (SIGCHLD) received from 37
2025/07/25 19:40:52 [notice] 1#1: worker process 37 exited with code 0
2025/07/25 19:40:52 [notice] 1#1: signal 29 (SIGIO) received
2025/07/25 19:40:52 [notice] 1#1: signal 17 (SIGCHLD) received from 39
2025/07/25 19:40:52 [notice] 1#1: worker process 39 exited with code 0
2025/07/25 19:40:52 [notice] 1#1: signal 29 (SIGIO) received
2025/07/25 19:40:52 [notice] 1#1: signal 17 (SIGCHLD) received from 35
2025/07/25 19:40:52 [notice] 1#1: worker process 35 exited with code 0
2025/07/25 19:40:52 [notice] 1#1: signal 29 (SIGIO) received
2025/07/25 19:40:52 [notice] 1#1: signal 17 (SIGCHLD) received from 33
2025/07/25 19:40:52 [notice] 1#1: worker process 33 exited with code 0
2025/07/25 19:40:52 [notice] 1#1: worker process 36 exited with code 0
2025/07/25 19:40:52 [notice] 1#1: worker process 38 exited with code 0
2025/07/25 19:40:52 [notice] 1#1: exit
2025/07/25 19:41:19 [notice] 1#1: using the "epoll" event method
2025/07/25 19:41:19 [notice] 1#1: nginx/1.28.0
2025/07/25 19:41:19 [notice] 1#1: built by gcc 14.2.0 (Alpine 14.2.0) 
2025/07/25 19:41:19 [notice] 1#1: OS: Linux 6.14.0-24-generic
2025/07/25 19:41:19 [notice] 1#1: getrlimit(RLIMIT_NOFILE): 1048576:1048576
2025/07/25 19:41:19 [notice] 1#1: start worker processes
2025/07/25 19:41:19 [notice] 1#1: start worker process 30
2025/07/25 19:41:19 [notice] 1#1: start worker process 31
2025/07/25 19:41:19 [notice] 1#1: start worker process 32
2025/07/25 19:41:19 [notice] 1#1: start worker process 33
2025/07/25 19:41:19 [notice] 1#1: start worker process 34
2025/07/25 19:41:19 [notice] 1#1: start worker process 35
2025/07/25 19:41:19 [notice] 1#1: start worker process 36
2025/07/25 19:41:19 [notice] 1#1: start worker process 37
2025/07/25 19:41:19 [notice] 1#1: start worker process 38
2025/07/25 19:41:19 [notice] 1#1: start worker process 39
2025/07/26 07:05:31 [notice] 1#1: using the "epoll" event method
2025/07/26 07:05:31 [notice] 1#1: nginx/1.28.0
2025/07/26 07:05:31 [notice] 1#1: built by gcc 14.2.0 (Alpine 14.2.0) 
2025/07/26 07:05:31 [notice] 1#1: OS: Linux 6.14.0-24-generic
2025/07/26 07:05:31 [notice] 1#1: getrlimit(RLIMIT_NOFILE): 1048576:1048576
2025/07/26 07:05:31 [notice] 1#1: start worker processes
2025/07/26 07:05:31 [notice] 1#1: start worker process 22
2025/07/26 07:05:31 [notice] 1#1: start worker process 23
2025/07/26 07:05:31 [notice] 1#1: start worker process 24
2025/07/26 07:05:31 [notice] 1#1: start worker process 25
2025/07/26 07:05:31 [notice] 1#1: start worker process 26
2025/07/26 07:05:31 [notice] 1#1: start worker process 27
2025/07/26 07:05:31 [notice] 1#1: start worker process 28
2025/07/26 07:05:31 [notice] 1#1: start worker process 29
2025/07/26 07:05:31 [notice] 1#1: start worker process 30
2025/07/26 07:05:31 [notice] 1#1: start worker process 31
2025/07/26 07:10:37 [error] 22#22: *1 open() "/usr/share/nginx/html/favicon.ico" failed (2: No such file or directory), client: 172.18.0.1, server: localhost, request: "GET /favicon.ico HTTP/1.1", host: "localhost", referrer: "http://localhost/"
2025/07/26 08:28:58 [notice] 1#1: signal 3 (SIGQUIT) received, shutting down
2025/07/26 08:28:58 [notice] 24#24: gracefully shutting down
2025/07/26 08:28:58 [notice] 24#24: exiting
2025/07/26 08:28:58 [notice] 22#22: gracefully shutting down
2025/07/26 08:28:58 [notice] 22#22: exiting
2025/07/26 08:28:58 [notice] 28#28: gracefully shutting down
2025/07/26 08:28:58 [notice] 26#26: gracefully shutting down
2025/07/26 08:28:58 [notice] 26#26: exiting
2025/07/26 08:28:58 [notice] 27#27: gracefully shutting down
2025/07/26 08:28:58 [notice] 23#23: gracefully shutting down
2025/07/26 08:28:58 [notice] 28#28: exiting
2025/07/26 08:28:58 [notice] 26#26: exit
2025/07/26 08:28:58 [notice] 24#24: exit
2025/07/26 08:28:58 [notice] 25#25: gracefully shutting down
2025/07/26 08:28:58 [notice] 25#25: exiting
2025/07/26 08:28:58 [notice] 22#22: exit
2025/07/26 08:28:58 [notice] 29#29: gracefully shutting down
2025/07/26 08:28:58 [notice] 30#30: gracefully shutting down
2025/07/26 08:28:58 [notice] 30#30: exiting
2025/07/26 08:28:58 [notice] 28#28: exit
2025/07/26 08:28:58 [notice] 29#29: exiting
2025/07/26 08:28:58 [notice] 29#29: exit
2025/07/26 08:28:58 [notice] 31#31: gracefully shutting down
2025/07/26 08:28:58 [notice] 25#25: exit
2025/07/26 08:28:58 [notice] 31#31: exiting
2025/07/26 08:28:58 [notice] 27#27: exiting
2025/07/26 08:28:58 [notice] 23#23: exiting
2025/07/26 08:28:58 [notice] 30#30: exit
2025/07/26 08:28:58 [notice] 27#27: exit
2025/07/26 08:28:58 [notice] 31#31: exit
2025/07/26 08:28:58 [notice] 23#23: exit
2025/07/26 08:28:58 [notice] 1#1: signal 17 (SIGCHLD) received from 22
2025/07/26 08:28:58 [notice] 1#1: worker process 22 exited with code 0
2025/07/26 08:28:58 [notice] 1#1: signal 29 (SIGIO) received
2025/07/26 08:28:58 [notice] 1#1: signal 17 (SIGCHLD) received from 31
2025/07/26 08:28:58 [notice] 1#1: worker process 31 exited with code 0
2025/07/26 08:28:58 [notice] 1#1: signal 29 (SIGIO) received
2025/07/26 08:28:59 [notice] 1#1: signal 17 (SIGCHLD) received from 30
2025/07/26 08:28:59 [notice] 1#1: worker process 30 exited with code 0
2025/07/26 08:28:59 [notice] 1#1: worker process 26 exited with code 0
2025/07/26 08:28:59 [notice] 1#1: worker process 28 exited with code 0
2025/07/26 08:28:59 [notice] 1#1: worker process 29 exited with code 0
2025/07/26 08:28:59 [notice] 1#1: signal 29 (SIGIO) received
2025/07/26 08:28:59 [notice] 1#1: signal 17 (SIGCHLD) received from 26
2025/07/26 08:28:59 [notice] 1#1: worker process 23 exited with code 0
2025/07/26 08:28:59 [notice] 1#1: signal 29 (SIGIO) received
2025/07/26 08:28:59 [notice] 1#1: signal 17 (SIGCHLD) received from 23
2025/07/26 08:28:59 [notice] 1#1: worker process 25 exited with code 0
2025/07/26 08:28:59 [notice] 1#1: worker process 27 exited with code 0
2025/07/26 08:28:59 [notice] 1#1: signal 29 (SIGIO) received
2025/07/26 08:28:59 [notice] 1#1: signal 17 (SIGCHLD) received from 25
2025/07/26 08:28:59 [notice] 1#1: worker process 24 exited with code 0
2025/07/26 08:28:59 [notice] 1#1: exit
2025/07/26 08:30:14 [notice] 1#1: using the "epoll" event method
2025/07/26 08:30:14 [notice] 1#1: nginx/1.28.0
2025/07/26 08:30:14 [notice] 1#1: built by gcc 14.2.0 (Alpine 14.2.0) 
2025/07/26 08:30:14 [notice] 1#1: OS: Linux 6.14.0-24-generic
2025/07/26 08:30:14 [notice] 1#1: getrlimit(RLIMIT_NOFILE): 1048576:1048576
2025/07/26 08:30:14 [notice] 1#1: start worker processes
2025/07/26 08:30:14 [notice] 1#1: start worker process 31
2025/07/26 08:30:14 [notice] 1#1: start worker process 32
2025/07/26 08:30:14 [notice] 1#1: start worker process 33
2025/07/26 08:30:14 [notice] 1#1: start worker process 34
2025/07/26 08:30:14 [notice] 1#1: start worker process 35
2025/07/26 08:30:14 [notice] 1#1: start worker process 36
2025/07/26 08:30:14 [notice] 1#1: start worker process 37
2025/07/26 08:30:14 [notice] 1#1: start worker process 38
2025/07/26 08:30:14 [notice] 1#1: start worker process 39
2025/07/26 08:30:14 [notice] 1#1: start worker process 40
2025/07/26 08:36:14 [notice] 1#1: signal 3 (SIGQUIT) received, shutting down
2025/07/26 08:36:14 [notice] 32#32: gracefully shutting down
2025/07/26 08:36:14 [notice] 31#31: gracefully shutting down
2025/07/26 08:36:14 [notice] 31#31: exiting
2025/07/26 08:36:14 [notice] 32#32: exiting
2025/07/26 08:36:14 [notice] 36#36: gracefully shutting down
2025/07/26 08:36:14 [notice] 36#36: exiting
2025/07/26 08:36:14 [notice] 31#31: exit
2025/07/26 08:36:14 [notice] 32#32: exit
2025/07/26 08:36:14 [notice] 35#35: gracefully shutting down
2025/07/26 08:36:14 [notice] 35#35: exiting
2025/07/26 08:36:14 [notice] 33#33: gracefully shutting down
2025/07/26 08:36:14 [notice] 33#33: exiting
2025/07/26 08:36:14 [notice] 37#37: gracefully shutting down
2025/07/26 08:36:14 [notice] 37#37: exiting
2025/07/26 08:36:14 [notice] 33#33: exit
2025/07/26 08:36:14 [notice] 34#34: gracefully shutting down
2025/07/26 08:36:14 [notice] 34#34: exiting
2025/07/26 08:36:14 [notice] 39#39: gracefully shutting down
2025/07/26 08:36:14 [notice] 39#39: exiting
2025/07/26 08:36:14 [notice] 35#35: exit
2025/07/26 08:36:14 [notice] 36#36: exit
2025/07/26 08:36:14 [notice] 39#39: exit
2025/07/26 08:36:14 [notice] 38#38: gracefully shutting down
2025/07/26 08:36:14 [notice] 38#38: exiting
2025/07/26 08:36:14 [notice] 37#37: exit
2025/07/26 08:36:14 [notice] 34#34: exit
2025/07/26 08:36:14 [notice] 40#40: gracefully shutting down
2025/07/26 08:36:14 [notice] 40#40: exiting
2025/07/26 08:36:14 [notice] 38#38: exit
2025/07/26 08:36:14 [notice] 40#40: exit
2025/07/26 08:36:14 [notice] 1#1: signal 17 (SIGCHLD) received from 31
2025/07/26 08:36:14 [notice] 1#1: worker process 31 exited with code 0
2025/07/26 08:36:14 [notice] 1#1: signal 29 (SIGIO) received
2025/07/26 08:36:14 [notice] 1#1: signal 17 (SIGCHLD) received from 33
2025/07/26 08:36:14 [notice] 1#1: worker process 32 exited with code 0
2025/07/26 08:36:14 [notice] 1#1: worker process 33 exited with code 0
2025/07/26 08:36:14 [notice] 1#1: signal 29 (SIGIO) received
2025/07/26 08:36:15 [notice] 1#1: signal 17 (SIGCHLD) received from 36
2025/07/26 08:36:15 [notice] 1#1: worker process 36 exited with code 0
2025/07/26 08:36:15 [notice] 1#1: worker process 37 exited with code 0
2025/07/26 08:36:15 [notice] 1#1: signal 29 (SIGIO) received
2025/07/26 08:36:15 [notice] 1#1: signal 17 (SIGCHLD) received from 37
2025/07/26 08:36:15 [notice] 1#1: worker process 35 exited with code 0
2025/07/26 08:36:15 [notice] 1#1: worker process 39 exited with code 0
2025/07/26 08:36:15 [notice] 1#1: signal 29 (SIGIO) received
2025/07/26 08:36:15 [notice] 1#1: signal 17 (SIGCHLD) received from 35
2025/07/26 08:36:15 [notice] 1#1: signal 17 (SIGCHLD) received from 40
2025/07/26 08:36:15 [notice] 1#1: worker process 40 exited with code 0
2025/07/26 08:36:15 [notice] 1#1: signal 29 (SIGIO) received
2025/07/26 08:36:15 [notice] 1#1: signal 17 (SIGCHLD) received from 34
2025/07/26 08:36:15 [notice] 1#1: worker process 34 exited with code 0
2025/07/26 08:36:15 [notice] 1#1: signal 17 (SIGCHLD) received from 38
2025/07/26 08:36:15 [notice] 1#1: worker process 38 exited with code 0
2025/07/26 08:36:15 [notice] 1#1: exit
2025/07/26 08:38:55 [notice] 1#1: using the "epoll" event method
2025/07/26 08:38:55 [notice] 1#1: nginx/1.28.0
2025/07/26 08:38:55 [notice] 1#1: built by gcc 14.2.0 (Alpine 14.2.0) 
2025/07/26 08:38:55 [notice] 1#1: OS: Linux 6.14.0-24-generic
2025/07/26 08:38:55 [notice] 1#1: getrlimit(RLIMIT_NOFILE): 1048576:1048576
2025/07/26 08:38:55 [notice] 1#1: start worker processes
2025/07/26 08:38:55 [notice] 1#1: start worker process 30
2025/07/26 08:38:55 [notice] 1#1: start worker process 31
2025/07/26 08:38:55 [notice] 1#1: start worker process 32
2025/07/26 08:38:55 [notice] 1#1: start worker process 33
2025/07/26 08:38:55 [notice] 1#1: start worker process 34
2025/07/26 08:38:55 [notice] 1#1: start worker process 35
2025/07/26 08:38:55 [notice] 1#1: start worker process 36
2025/07/26 08:38:55 [notice] 1#1: start worker process 37
2025/07/26 08:38:55 [notice] 1#1: start worker process 38
2025/07/26 08:38:55 [notice] 1#1: start worker process 39
2025/07/26 09:11:48 [notice] 1#1: signal 3 (SIGQUIT) received, shutting down
2025/07/26 09:11:48 [notice] 32#32: gracefully shutting down
2025/07/26 09:11:48 [notice] 32#32: exiting
2025/07/26 09:11:48 [notice] 33#33: gracefully shutting down
2025/07/26 09:11:48 [notice] 33#33: exiting
2025/07/26 09:11:48 [notice] 30#30: gracefully shutting down
2025/07/26 09:11:48 [notice] 30#30: exiting
2025/07/26 09:11:48 [notice] 31#31: gracefully shutting down
2025/07/26 09:11:48 [notice] 31#31: exiting
2025/07/26 09:11:48 [notice] 31#31: exit
2025/07/26 09:11:48 [notice] 32#32: exit
2025/07/26 09:11:48 [notice] 30#30: exit
2025/07/26 09:11:48 [notice] 36#36: gracefully shutting down
2025/07/26 09:11:48 [notice] 36#36: exiting
2025/07/26 09:11:48 [notice] 34#34: gracefully shutting down
2025/07/26 09:11:48 [notice] 34#34: exiting
2025/07/26 09:11:48 [notice] 38#38: gracefully shutting down
2025/07/26 09:11:48 [notice] 38#38: exiting
2025/07/26 09:11:48 [notice] 38#38: exit
2025/07/26 09:11:48 [notice] 34#34: exit
2025/07/26 09:11:48 [notice] 35#35: gracefully shutting down
2025/07/26 09:11:48 [notice] 35#35: exiting
2025/07/26 09:11:48 [notice] 33#33: exit
2025/07/26 09:11:48 [notice] 39#39: gracefully shutting down
2025/07/26 09:11:48 [notice] 39#39: exiting
2025/07/26 09:11:48 [notice] 39#39: exit
2025/07/26 09:11:48 [notice] 35#35: exit
2025/07/26 09:11:48 [notice] 37#37: gracefully shutting down
2025/07/26 09:11:48 [notice] 37#37: exiting
2025/07/26 09:11:48 [notice] 1#1: signal 17 (SIGCHLD) received from 32
2025/07/26 09:11:48 [notice] 36#36: exit
2025/07/26 09:11:48 [notice] 1#1: worker process 30 exited with code 0
2025/07/26 09:11:48 [notice] 1#1: worker process 31 exited with code 0
2025/07/26 09:11:48 [notice] 1#1: worker process 32 exited with code 0
2025/07/26 09:11:48 [notice] 37#37: exit
2025/07/26 09:11:48 [notice] 1#1: signal 29 (SIGIO) received
2025/07/26 09:11:48 [notice] 1#1: signal 17 (SIGCHLD) received from 34
2025/07/26 09:11:48 [notice] 1#1: worker process 34 exited with code 0
2025/07/26 09:11:48 [notice] 1#1: signal 29 (SIGIO) received
2025/07/26 09:11:48 [notice] 1#1: signal 17 (SIGCHLD) received from 39
2025/07/26 09:11:48 [notice] 1#1: worker process 33 exited with code 0
2025/07/26 09:11:48 [notice] 1#1: worker process 35 exited with code 0
2025/07/26 09:11:48 [notice] 1#1: worker process 39 exited with code 0
2025/07/26 09:11:48 [notice] 1#1: signal 29 (SIGIO) received
2025/07/26 09:11:48 [notice] 1#1: signal 17 (SIGCHLD) received from 38
2025/07/26 09:11:48 [notice] 1#1: worker process 38 exited with code 0
2025/07/26 09:11:48 [notice] 1#1: signal 29 (SIGIO) received
2025/07/26 09:11:48 [notice] 1#1: signal 17 (SIGCHLD) received from 37
2025/07/26 09:11:48 [notice] 1#1: worker process 37 exited with code 0
2025/07/26 09:11:48 [notice] 1#1: signal 29 (SIGIO) received
2025/07/26 09:11:48 [notice] 1#1: signal 17 (SIGCHLD) received from 36
2025/07/26 09:11:48 [notice] 1#1: worker process 36 exited with code 0
2025/07/26 09:11:48 [notice] 1#1: exit
2025/07/26 09:13:56 [notice] 1#1: using the "epoll" event method
2025/07/26 09:13:56 [notice] 1#1: nginx/1.28.0
2025/07/26 09:13:56 [notice] 1#1: built by gcc 14.2.0 (Alpine 14.2.0) 
2025/07/26 09:13:56 [notice] 1#1: OS: Linux 6.14.0-24-generic
2025/07/26 09:13:56 [notice] 1#1: getrlimit(RLIMIT_NOFILE): 1048576:1048576
2025/07/26 09:13:56 [notice] 1#1: start worker processes
2025/07/26 09:13:56 [notice] 1#1: start worker process 31
2025/07/26 09:13:56 [notice] 1#1: start worker process 32
2025/07/26 09:13:56 [notice] 1#1: start worker process 33
2025/07/26 09:13:56 [notice] 1#1: start worker process 34
2025/07/26 09:13:56 [notice] 1#1: start worker process 35
2025/07/26 09:13:56 [notice] 1#1: start worker process 36
2025/07/26 09:13:56 [notice] 1#1: start worker process 37
2025/07/26 09:13:56 [notice] 1#1: start worker process 38
2025/07/26 09:13:56 [notice] 1#1: start worker process 39
2025/07/26 09:13:56 [notice] 1#1: start worker process 40
2025/07/26 09:28:51 [notice] 1#1: signal 3 (SIGQUIT) received, shutting down
2025/07/26 09:28:51 [notice] 32#32: gracefully shutting down
2025/07/26 09:28:51 [notice] 32#32: exiting
2025/07/26 09:28:51 [notice] 31#31: gracefully shutting down
2025/07/26 09:28:51 [notice] 32#32: exit
2025/07/26 09:28:51 [notice] 31#31: exiting
2025/07/26 09:28:51 [notice] 34#34: gracefully shutting down
2025/07/26 09:28:51 [notice] 34#34: exiting
2025/07/26 09:28:51 [notice] 31#31: exit
2025/07/26 09:28:51 [notice] 34#34: exit
2025/07/26 09:28:51 [notice] 33#33: gracefully shutting down
2025/07/26 09:28:51 [notice] 33#33: exiting
2025/07/26 09:28:51 [notice] 33#33: exit
2025/07/26 09:28:51 [notice] 39#39: gracefully shutting down
2025/07/26 09:28:51 [notice] 39#39: exiting
2025/07/26 09:28:51 [notice] 39#39: exit
2025/07/26 09:28:51 [notice] 37#37: gracefully shutting down
2025/07/26 09:28:51 [notice] 37#37: exiting
2025/07/26 09:28:51 [notice] 40#40: gracefully shutting down
2025/07/26 09:28:51 [notice] 40#40: exiting
2025/07/26 09:28:51 [notice] 40#40: exit
2025/07/26 09:28:51 [notice] 35#35: gracefully shutting down
2025/07/26 09:28:51 [notice] 35#35: exiting
2025/07/26 09:28:51 [notice] 36#36: gracefully shutting down
2025/07/26 09:28:51 [notice] 36#36: exiting
2025/07/26 09:28:51 [notice] 37#37: exit
2025/07/26 09:28:51 [notice] 38#38: gracefully shutting down
2025/07/26 09:28:51 [notice] 38#38: exiting
2025/07/26 09:28:51 [notice] 38#38: exit
2025/07/26 09:28:51 [notice] 1#1: signal 17 (SIGCHLD) received from 33
2025/07/26 09:28:51 [notice] 1#1: worker process 32 exited with code 0
2025/07/26 09:28:51 [notice] 1#1: worker process 33 exited with code 0
2025/07/26 09:28:51 [notice] 1#1: worker process 39 exited with code 0
2025/07/26 09:28:51 [notice] 1#1: signal 29 (SIGIO) received
2025/07/26 09:28:51 [notice] 36#36: exit
2025/07/26 09:28:51 [notice] 35#35: exit
2025/07/26 09:28:51 [notice] 1#1: signal 17 (SIGCHLD) received from 31
2025/07/26 09:28:51 [notice] 1#1: worker process 31 exited with code 0
2025/07/26 09:28:51 [notice] 1#1: signal 29 (SIGIO) received
2025/07/26 09:28:51 [notice] 1#1: signal 17 (SIGCHLD) received from 34
2025/07/26 09:28:51 [notice] 1#1: worker process 34 exited with code 0
2025/07/26 09:28:51 [notice] 1#1: signal 29 (SIGIO) received
2025/07/26 09:28:51 [notice] 1#1: signal 17 (SIGCHLD) received from 36
2025/07/26 09:28:51 [notice] 1#1: worker process 36 exited with code 0
2025/07/26 09:28:51 [notice] 1#1: signal 29 (SIGIO) received
2025/07/26 09:28:51 [notice] 1#1: signal 17 (SIGCHLD) received from 40
2025/07/26 09:28:51 [notice] 1#1: worker process 37 exited with code 0
2025/07/26 09:28:51 [notice] 1#1: worker process 40 exited with code 0
2025/07/26 09:28:51 [notice] 1#1: signal 29 (SIGIO) received
2025/07/26 09:28:51 [notice] 1#1: signal 17 (SIGCHLD) received from 37
2025/07/26 09:28:51 [notice] 1#1: signal 17 (SIGCHLD) received from 35
2025/07/26 09:28:51 [notice] 1#1: worker process 35 exited with code 0
2025/07/26 09:28:51 [notice] 1#1: signal 29 (SIGIO) received
2025/07/26 09:28:51 [notice] 1#1: signal 17 (SIGCHLD) received from 38
2025/07/26 09:28:51 [notice] 1#1: worker process 38 exited with code 0
2025/07/26 09:28:51 [notice] 1#1: exit
2025/07/26 09:30:37 [notice] 1#1: using the "epoll" event method
2025/07/26 09:30:37 [notice] 1#1: nginx/1.28.0
2025/07/26 09:30:37 [notice] 1#1: built by gcc 14.2.0 (Alpine 14.2.0) 
2025/07/26 09:30:37 [notice] 1#1: OS: Linux 6.14.0-24-generic
2025/07/26 09:30:37 [notice] 1#1: getrlimit(RLIMIT_NOFILE): 1048576:1048576
2025/07/26 09:30:37 [notice] 1#1: start worker processes
2025/07/26 09:30:37 [notice] 1#1: start worker process 30
2025/07/26 09:30:37 [notice] 1#1: start worker process 31
2025/07/26 09:30:37 [notice] 1#1: start worker process 32
2025/07/26 09:30:37 [notice] 1#1: start worker process 33
2025/07/26 09:30:37 [notice] 1#1: start worker process 34
2025/07/26 09:30:37 [notice] 1#1: start worker process 35
2025/07/26 09:30:37 [notice] 1#1: start worker process 36
2025/07/26 09:30:37 [notice] 1#1: start worker process 37
2025/07/26 09:30:37 [notice] 1#1: start worker process 38
2025/07/26 09:30:37 [notice] 1#1: start worker process 39
2025/07/27 07:22:48 [notice] 1#1: signal 3 (SIGQUIT) received, shutting down
2025/07/27 07:22:48 [notice] 36#36: gracefully shutting down
2025/07/27 07:22:48 [notice] 31#31: gracefully shutting down
2025/07/27 07:22:48 [notice] 35#35: gracefully shutting down
2025/07/27 07:22:48 [notice] 35#35: exiting
2025/07/27 07:22:48 [notice] 35#35: exit
2025/07/27 07:22:48 [notice] 31#31: exiting
2025/07/27 07:22:48 [notice] 31#31: exit
2025/07/27 07:22:48 [notice] 30#30: gracefully shutting down
2025/07/27 07:22:48 [notice] 30#30: exiting
2025/07/27 07:22:48 [notice] 33#33: gracefully shutting down
2025/07/27 07:22:48 [notice] 30#30: exit
2025/07/27 07:22:48 [notice] 39#39: gracefully shutting down
2025/07/27 07:22:48 [notice] 39#39: exiting
2025/07/27 07:22:48 [notice] 39#39: exit
2025/07/27 07:22:48 [notice] 38#38: gracefully shutting down
2025/07/27 07:22:48 [notice] 38#38: exiting
2025/07/27 07:22:48 [notice] 38#38: exit
2025/07/27 07:22:48 [notice] 36#36: exiting
2025/07/27 07:22:48 [notice] 32#32: gracefully shutting down
2025/07/27 07:22:48 [notice] 32#32: exiting
2025/07/27 07:22:48 [notice] 32#32: exit
2025/07/27 07:22:48 [notice] 36#36: exit
2025/07/27 07:22:48 [notice] 34#34: gracefully shutting down
2025/07/27 07:22:48 [notice] 34#34: exiting
2025/07/27 07:22:48 [notice] 34#34: exit
2025/07/27 07:22:48 [notice] 33#33: exiting
2025/07/27 07:22:48 [notice] 37#37: gracefully shutting down
2025/07/27 07:22:48 [notice] 37#37: exiting
2025/07/27 07:22:48 [notice] 37#37: exit
2025/07/27 07:22:48 [notice] 33#33: exit
2025/07/27 07:22:48 [notice] 1#1: signal 17 (SIGCHLD) received from 35
2025/07/27 07:22:48 [notice] 1#1: worker process 35 exited with code 0
2025/07/27 07:22:48 [notice] 1#1: signal 29 (SIGIO) received
2025/07/27 07:22:48 [notice] 1#1: signal 17 (SIGCHLD) received from 31
2025/07/27 07:22:48 [notice] 1#1: worker process 31 exited with code 0
2025/07/27 07:22:48 [notice] 1#1: worker process 38 exited with code 0
2025/07/27 07:22:48 [notice] 1#1: signal 29 (SIGIO) received
2025/07/27 07:22:48 [notice] 1#1: signal 17 (SIGCHLD) received from 32
2025/07/27 07:22:48 [notice] 1#1: worker process 32 exited with code 0
2025/07/27 07:22:48 [notice] 1#1: signal 29 (SIGIO) received
2025/07/27 07:22:48 [notice] 1#1: signal 17 (SIGCHLD) received from 39
2025/07/27 07:22:48 [notice] 1#1: worker process 39 exited with code 0
2025/07/27 07:22:48 [notice] 1#1: signal 29 (SIGIO) received
2025/07/27 07:22:48 [notice] 1#1: signal 17 (SIGCHLD) received from 30
2025/07/27 07:22:48 [notice] 1#1: worker process 30 exited with code 0
2025/07/27 07:22:48 [notice] 1#1: signal 29 (SIGIO) received
2025/07/27 07:22:48 [notice] 1#1: signal 17 (SIGCHLD) received from 33
2025/07/27 07:22:48 [notice] 1#1: worker process 33 exited with code 0
2025/07/27 07:22:48 [notice] 1#1: signal 29 (SIGIO) received
2025/07/27 07:22:48 [notice] 1#1: signal 17 (SIGCHLD) received from 34
2025/07/27 07:22:48 [notice] 1#1: worker process 34 exited with code 0
2025/07/27 07:22:48 [notice] 1#1: signal 29 (SIGIO) received
2025/07/27 07:22:48 [notice] 1#1: signal 17 (SIGCHLD) received from 36
2025/07/27 07:22:48 [notice] 1#1: worker process 36 exited with code 0
2025/07/27 07:22:48 [notice] 1#1: signal 29 (SIGIO) received
2025/07/27 07:22:48 [notice] 1#1: signal 17 (SIGCHLD) received from 37
2025/07/27 07:22:48 [notice] 1#1: worker process 37 exited with code 0
2025/07/27 07:22:48 [notice] 1#1: exit
2025/07/27 07:54:38 [notice] 1#1: using the "epoll" event method
2025/07/27 07:54:38 [notice] 1#1: nginx/1.28.0
2025/07/27 07:54:38 [notice] 1#1: built by gcc 14.2.0 (Alpine 14.2.0) 
2025/07/27 07:54:38 [notice] 1#1: OS: Linux 6.14.0-24-generic
2025/07/27 07:54:38 [notice] 1#1: getrlimit(RLIMIT_NOFILE): 1048576:1048576
2025/07/27 07:54:38 [notice] 1#1: start worker processes
2025/07/27 07:54:38 [notice] 1#1: start worker process 30
2025/07/27 07:54:38 [notice] 1#1: start worker process 31
2025/07/27 07:54:38 [notice] 1#1: start worker process 32
2025/07/27 07:54:38 [notice] 1#1: start worker process 33
2025/07/27 07:54:38 [notice] 1#1: start worker process 34
2025/07/27 07:54:38 [notice] 1#1: start worker process 35
2025/07/27 07:54:38 [notice] 1#1: start worker process 36
2025/07/27 07:54:38 [notice] 1#1: start worker process 37
2025/07/27 07:54:38 [notice] 1#1: start worker process 38
2025/07/27 07:54:38 [notice] 1#1: start worker process 39
2025/07/27 08:10:40 [notice] 1#1: signal 3 (SIGQUIT) received, shutting down
2025/07/27 08:10:40 [notice] 35#35: gracefully shutting down
2025/07/27 08:10:40 [notice] 35#35: exiting
2025/07/27 08:10:40 [notice] 34#34: gracefully shutting down
2025/07/27 08:10:40 [notice] 34#34: exiting
2025/07/27 08:10:40 [notice] 31#31: gracefully shutting down
2025/07/27 08:10:40 [notice] 31#31: exiting
2025/07/27 08:10:40 [notice] 31#31: exit
2025/07/27 08:10:40 [notice] 37#37: gracefully shutting down
2025/07/27 08:10:40 [notice] 37#37: exiting
2025/07/27 08:10:40 [notice] 37#37: exit
2025/07/27 08:10:40 [notice] 34#34: exit
2025/07/27 08:10:40 [notice] 30#30: gracefully shutting down
2025/07/27 08:10:40 [notice] 30#30: exiting
2025/07/27 08:10:40 [notice] 39#39: gracefully shutting down
2025/07/27 08:10:40 [notice] 39#39: exiting
2025/07/27 08:10:40 [notice] 30#30: exit
2025/07/27 08:10:40 [notice] 39#39: exit
2025/07/27 08:10:40 [notice] 35#35: exit
2025/07/27 08:10:40 [notice] 36#36: gracefully shutting down
2025/07/27 08:10:40 [notice] 36#36: exiting
2025/07/27 08:10:40 [notice] 32#32: gracefully shutting down
2025/07/27 08:10:40 [notice] 32#32: exiting
2025/07/27 08:10:40 [notice] 38#38: gracefully shutting down
2025/07/27 08:10:40 [notice] 36#36: exit
2025/07/27 08:10:40 [notice] 33#33: gracefully shutting down
2025/07/27 08:10:40 [notice] 32#32: exit
2025/07/27 08:10:40 [notice] 38#38: exiting
2025/07/27 08:10:40 [notice] 33#33: exiting
2025/07/27 08:10:40 [notice] 38#38: exit
2025/07/27 08:10:40 [notice] 33#33: exit
2025/07/27 08:10:40 [notice] 1#1: signal 17 (SIGCHLD) received from 37
2025/07/27 08:10:40 [notice] 1#1: worker process 37 exited with code 0
2025/07/27 08:10:40 [notice] 1#1: worker process 39 exited with code 0
2025/07/27 08:10:40 [notice] 1#1: signal 29 (SIGIO) received
2025/07/27 08:10:40 [notice] 1#1: signal 17 (SIGCHLD) received from 30
2025/07/27 08:10:40 [notice] 1#1: worker process 30 exited with code 0
2025/07/27 08:10:40 [notice] 1#1: worker process 31 exited with code 0
2025/07/27 08:10:40 [notice] 1#1: signal 29 (SIGIO) received
2025/07/27 08:10:40 [notice] 1#1: signal 17 (SIGCHLD) received from 31
2025/07/27 08:10:40 [notice] 1#1: signal 17 (SIGCHLD) received from 34
2025/07/27 08:10:40 [notice] 1#1: worker process 34 exited with code 0
2025/07/27 08:10:40 [notice] 1#1: signal 29 (SIGIO) received
2025/07/27 08:10:40 [notice] 1#1: signal 17 (SIGCHLD) received from 35
2025/07/27 08:10:40 [notice] 1#1: worker process 35 exited with code 0
2025/07/27 08:10:40 [notice] 1#1: signal 29 (SIGIO) received
2025/07/27 08:10:40 [notice] 1#1: signal 17 (SIGCHLD) received from 32
2025/07/27 08:10:40 [notice] 1#1: worker process 32 exited with code 0
2025/07/27 08:10:40 [notice] 1#1: signal 29 (SIGIO) received
2025/07/27 08:10:40 [notice] 1#1: signal 17 (SIGCHLD) received from 38
2025/07/27 08:10:40 [notice] 1#1: worker process 38 exited with code 0
2025/07/27 08:10:40 [notice] 1#1: signal 29 (SIGIO) received
2025/07/27 08:10:40 [notice] 1#1: signal 17 (SIGCHLD) received from 33
2025/07/27 08:10:40 [notice] 1#1: worker process 33 exited with code 0
2025/07/27 08:10:40 [notice] 1#1: signal 29 (SIGIO) received
2025/07/27 08:10:40 [notice] 1#1: signal 17 (SIGCHLD) received from 36
2025/07/27 08:10:40 [notice] 1#1: worker process 36 exited with code 0
2025/07/27 08:10:40 [notice] 1#1: exit
2025/07/27 08:12:20 [notice] 1#1: using the "epoll" event method
2025/07/27 08:12:20 [notice] 1#1: nginx/1.28.0
2025/07/27 08:12:20 [notice] 1#1: built by gcc 14.2.0 (Alpine 14.2.0) 
2025/07/27 08:12:20 [notice] 1#1: OS: Linux 6.14.0-24-generic
2025/07/27 08:12:20 [notice] 1#1: getrlimit(RLIMIT_NOFILE): 1048576:1048576
2025/07/27 08:12:20 [notice] 1#1: start worker processes
2025/07/27 08:12:20 [notice] 1#1: start worker process 30
2025/07/27 08:12:20 [notice] 1#1: start worker process 31
2025/07/27 08:12:20 [notice] 1#1: start worker process 32
2025/07/27 08:12:20 [notice] 1#1: start worker process 33
2025/07/27 08:12:20 [notice] 1#1: start worker process 34
2025/07/27 08:12:20 [notice] 1#1: start worker process 35
2025/07/27 08:12:20 [notice] 1#1: start worker process 36
2025/07/27 08:12:20 [notice] 1#1: start worker process 37
2025/07/27 08:12:20 [notice] 1#1: start worker process 38
2025/07/27 08:12:20 [notice] 1#1: start worker process 39
2025/07/27 08:24:41 [notice] 1#1: signal 3 (SIGQUIT) received, shutting down
2025/07/27 08:24:41 [notice] 32#32: gracefully shutting down
2025/07/27 08:24:41 [notice] 32#32: exiting
2025/07/27 08:24:41 [notice] 31#31: gracefully shutting down
2025/07/27 08:24:41 [notice] 35#35: gracefully shutting down
2025/07/27 08:24:41 [notice] 35#35: exiting
2025/07/27 08:24:41 [notice] 33#33: gracefully shutting down
2025/07/27 08:24:41 [notice] 39#39: gracefully shutting down
2025/07/27 08:24:41 [notice] 31#31: exiting
2025/07/27 08:24:41 [notice] 30#30: gracefully shutting down
2025/07/27 08:24:41 [notice] 30#30: exiting
2025/07/27 08:24:41 [notice] 39#39: exiting
2025/07/27 08:24:41 [notice] 39#39: exit
2025/07/27 08:24:41 [notice] 32#32: exit
2025/07/27 08:24:41 [notice] 33#33: exiting
2025/07/27 08:24:41 [notice] 33#33: exit
2025/07/27 08:24:41 [notice] 34#34: gracefully shutting down
2025/07/27 08:24:41 [notice] 34#34: exiting
2025/07/27 08:24:41 [notice] 37#37: gracefully shutting down
2025/07/27 08:24:41 [notice] 37#37: exiting
2025/07/27 08:24:41 [notice] 34#34: exit
2025/07/27 08:24:41 [notice] 38#38: gracefully shutting down
2025/07/27 08:24:41 [notice] 38#38: exiting
2025/07/27 08:24:41 [notice] 30#30: exit
2025/07/27 08:24:41 [notice] 31#31: exit
2025/07/27 08:24:41 [notice] 35#35: exit
2025/07/27 08:24:41 [notice] 36#36: gracefully shutting down
2025/07/27 08:24:41 [notice] 36#36: exiting
2025/07/27 08:24:41 [notice] 36#36: exit
2025/07/27 08:24:41 [notice] 38#38: exit
2025/07/27 08:24:41 [notice] 37#37: exit
2025/07/27 08:24:42 [notice] 1#1: signal 17 (SIGCHLD) received from 33
2025/07/27 08:24:42 [notice] 1#1: worker process 33 exited with code 0
2025/07/27 08:24:42 [notice] 1#1: signal 29 (SIGIO) received
2025/07/27 08:24:42 [notice] 1#1: signal 17 (SIGCHLD) received from 39
2025/07/27 08:24:42 [notice] 1#1: worker process 31 exited with code 0
2025/07/27 08:24:42 [notice] 1#1: worker process 35 exited with code 0
2025/07/27 08:24:42 [notice] 1#1: worker process 39 exited with code 0
2025/07/27 08:24:42 [notice] 1#1: signal 29 (SIGIO) received
2025/07/27 08:24:42 [notice] 1#1: signal 17 (SIGCHLD) received from 35
2025/07/27 08:24:42 [notice] 1#1: signal 17 (SIGCHLD) received from 36
2025/07/27 08:24:42 [notice] 1#1: worker process 36 exited with code 0
2025/07/27 08:24:42 [notice] 1#1: signal 29 (SIGIO) received
2025/07/27 08:24:42 [notice] 1#1: signal 17 (SIGCHLD) received from 34
2025/07/27 08:24:42 [notice] 1#1: worker process 34 exited with code 0
2025/07/27 08:24:42 [notice] 1#1: signal 29 (SIGIO) received
2025/07/27 08:24:42 [notice] 1#1: signal 17 (SIGCHLD) received from 32
2025/07/27 08:24:42 [notice] 1#1: worker process 30 exited with code 0
2025/07/27 08:24:42 [notice] 1#1: worker process 32 exited with code 0
2025/07/27 08:24:42 [notice] 1#1: worker process 38 exited with code 0
2025/07/27 08:24:42 [notice] 1#1: signal 29 (SIGIO) received
2025/07/27 08:24:42 [notice] 1#1: signal 17 (SIGCHLD) received from 37
2025/07/27 08:24:42 [notice] 1#1: worker process 37 exited with code 0
2025/07/27 08:24:42 [notice] 1#1: exit
2025/07/27 08:26:27 [notice] 1#1: using the "epoll" event method
2025/07/27 08:26:27 [notice] 1#1: nginx/1.28.0
2025/07/27 08:26:27 [notice] 1#1: built by gcc 14.2.0 (Alpine 14.2.0) 
2025/07/27 08:26:27 [notice] 1#1: OS: Linux 6.14.0-24-generic
2025/07/27 08:26:27 [notice] 1#1: getrlimit(RLIMIT_NOFILE): 1048576:1048576
2025/07/27 08:26:27 [notice] 1#1: start worker processes
2025/07/27 08:26:27 [notice] 1#1: start worker process 32
2025/07/27 08:26:27 [notice] 1#1: start worker process 33
2025/07/27 08:26:27 [notice] 1#1: start worker process 34
2025/07/27 08:26:27 [notice] 1#1: start worker process 35
2025/07/27 08:26:27 [notice] 1#1: start worker process 36
2025/07/27 08:26:27 [notice] 1#1: start worker process 37
2025/07/27 08:26:27 [notice] 1#1: start worker process 38
2025/07/27 08:26:27 [notice] 1#1: start worker process 39
2025/07/27 08:26:27 [notice] 1#1: start worker process 40
2025/07/27 08:26:27 [notice] 1#1: start worker process 41
2025/07/27 08:37:13 [notice] 1#1: signal 3 (SIGQUIT) received, shutting down
2025/07/27 08:37:13 [notice] 33#33: gracefully shutting down
2025/07/27 08:37:13 [notice] 33#33: exiting
2025/07/27 08:37:13 [notice] 32#32: gracefully shutting down
2025/07/27 08:37:13 [notice] 32#32: exiting
2025/07/27 08:37:13 [notice] 34#34: gracefully shutting down
2025/07/27 08:37:13 [notice] 34#34: exiting
2025/07/27 08:37:13 [notice] 32#32: exit
2025/07/27 08:37:13 [notice] 37#37: gracefully shutting down
2025/07/27 08:37:13 [notice] 37#37: exiting
2025/07/27 08:37:13 [notice] 38#38: gracefully shutting down
2025/07/27 08:37:13 [notice] 38#38: exiting
2025/07/27 08:37:13 [notice] 38#38: exit
2025/07/27 08:37:13 [notice] 35#35: gracefully shutting down
2025/07/27 08:37:13 [notice] 35#35: exiting
2025/07/27 08:37:13 [notice] 33#33: exit
2025/07/27 08:37:13 [notice] 39#39: gracefully shutting down
2025/07/27 08:37:13 [notice] 39#39: exiting
2025/07/27 08:37:13 [notice] 41#41: gracefully shutting down
2025/07/27 08:37:13 [notice] 41#41: exiting
2025/07/27 08:37:13 [notice] 41#41: exit
2025/07/27 08:37:13 [notice] 40#40: gracefully shutting down
2025/07/27 08:37:13 [notice] 40#40: exiting
2025/07/27 08:37:13 [notice] 36#36: gracefully shutting down
2025/07/27 08:37:13 [notice] 36#36: exiting
2025/07/27 08:37:13 [notice] 34#34: exit
2025/07/27 08:37:13 [notice] 39#39: exit
2025/07/27 08:37:13 [notice] 35#35: exit
2025/07/27 08:37:13 [notice] 36#36: exit
2025/07/27 08:37:13 [notice] 37#37: exit
2025/07/27 08:37:13 [notice] 40#40: exit
2025/07/27 08:37:14 [notice] 1#1: signal 17 (SIGCHLD) received from 38
2025/07/27 08:37:14 [notice] 1#1: worker process 38 exited with code 0
2025/07/27 08:37:14 [notice] 1#1: worker process 41 exited with code 0
2025/07/27 08:37:14 [notice] 1#1: signal 29 (SIGIO) received
2025/07/27 08:37:14 [notice] 1#1: signal 17 (SIGCHLD) received from 33
2025/07/27 08:37:14 [notice] 1#1: worker process 33 exited with code 0
2025/07/27 08:37:14 [notice] 1#1: signal 29 (SIGIO) received
2025/07/27 08:37:14 [notice] 1#1: signal 17 (SIGCHLD) received from 37
2025/07/27 08:37:14 [notice] 1#1: worker process 37 exited with code 0
2025/07/27 08:37:14 [notice] 1#1: signal 29 (SIGIO) received
2025/07/27 08:37:14 [notice] 1#1: signal 17 (SIGCHLD) received from 32
2025/07/27 08:37:14 [notice] 1#1: worker process 32 exited with code 0
2025/07/27 08:37:14 [notice] 1#1: signal 29 (SIGIO) received
2025/07/27 08:37:14 [notice] 1#1: signal 17 (SIGCHLD) received from 35
2025/07/27 08:37:14 [notice] 1#1: worker process 34 exited with code 0
2025/07/27 08:37:14 [notice] 1#1: worker process 35 exited with code 0
2025/07/27 08:37:14 [notice] 1#1: worker process 39 exited with code 0
2025/07/27 08:37:14 [notice] 1#1: signal 29 (SIGIO) received
2025/07/27 08:37:14 [notice] 1#1: signal 17 (SIGCHLD) received from 40
2025/07/27 08:37:14 [notice] 1#1: worker process 40 exited with code 0
2025/07/27 08:37:14 [notice] 1#1: signal 29 (SIGIO) received
2025/07/27 08:37:14 [notice] 1#1: signal 17 (SIGCHLD) received from 36
2025/07/27 08:37:14 [notice] 1#1: worker process 36 exited with code 0
2025/07/27 08:37:14 [notice] 1#1: exit
2025/07/27 08:38:44 [notice] 1#1: using the "epoll" event method
2025/07/27 08:38:44 [notice] 1#1: nginx/1.28.0
2025/07/27 08:38:44 [notice] 1#1: built by gcc 14.2.0 (Alpine 14.2.0) 
2025/07/27 08:38:44 [notice] 1#1: OS: Linux 6.14.0-24-generic
2025/07/27 08:38:44 [notice] 1#1: getrlimit(RLIMIT_NOFILE): 1048576:1048576
2025/07/27 08:38:44 [notice] 1#1: start worker processes
2025/07/27 08:38:44 [notice] 1#1: start worker process 30
2025/07/27 08:38:44 [notice] 1#1: start worker process 31
2025/07/27 08:38:44 [notice] 1#1: start worker process 32
2025/07/27 08:38:44 [notice] 1#1: start worker process 33
2025/07/27 08:38:44 [notice] 1#1: start worker process 34
2025/07/27 08:38:44 [notice] 1#1: start worker process 35
2025/07/27 08:38:44 [notice] 1#1: start worker process 36
2025/07/27 08:38:44 [notice] 1#1: start worker process 37
2025/07/27 08:38:44 [notice] 1#1: start worker process 38
2025/07/27 08:38:44 [notice] 1#1: start worker process 39
2025/07/27 08:47:41 [notice] 1#1: signal 3 (SIGQUIT) received, shutting down
2025/07/27 08:47:41 [notice] 31#31: gracefully shutting down
2025/07/27 08:47:41 [notice] 31#31: exiting
2025/07/27 08:47:41 [notice] 30#30: gracefully shutting down
2025/07/27 08:47:41 [notice] 30#30: exiting
2025/07/27 08:47:41 [notice] 31#31: exit
2025/07/27 08:47:41 [notice] 30#30: exit
2025/07/27 08:47:41 [notice] 35#35: gracefully shutting down
2025/07/27 08:47:41 [notice] 35#35: exiting
2025/07/27 08:47:41 [notice] 35#35: exit
2025/07/27 08:47:41 [notice] 36#36: gracefully shutting down
2025/07/27 08:47:41 [notice] 36#36: exiting
2025/07/27 08:47:41 [notice] 38#38: gracefully shutting down
2025/07/27 08:47:41 [notice] 38#38: exiting
2025/07/27 08:47:41 [notice] 34#34: gracefully shutting down
2025/07/27 08:47:41 [notice] 34#34: exiting
2025/07/27 08:47:41 [notice] 34#34: exit
2025/07/27 08:47:41 [notice] 37#37: gracefully shutting down
2025/07/27 08:47:41 [notice] 37#37: exiting
2025/07/27 08:47:41 [notice] 37#37: exit
2025/07/27 08:47:41 [notice] 32#32: gracefully shutting down
2025/07/27 08:47:41 [notice] 32#32: exiting
2025/07/27 08:47:41 [notice] 39#39: gracefully shutting down
2025/07/27 08:47:41 [notice] 39#39: exiting
2025/07/27 08:47:41 [notice] 39#39: exit
2025/07/27 08:47:41 [notice] 32#32: exit
2025/07/27 08:47:41 [notice] 36#36: exit
2025/07/27 08:47:41 [notice] 38#38: exit
2025/07/27 08:47:41 [notice] 33#33: gracefully shutting down
2025/07/27 08:47:41 [notice] 33#33: exiting
2025/07/27 08:47:41 [notice] 33#33: exit
2025/07/27 08:47:41 [notice] 1#1: signal 17 (SIGCHLD) received from 30
2025/07/27 08:47:41 [notice] 1#1: worker process 30 exited with code 0
2025/07/27 08:47:41 [notice] 1#1: signal 29 (SIGIO) received
2025/07/27 08:47:41 [notice] 1#1: signal 17 (SIGCHLD) received from 35
2025/07/27 08:47:41 [notice] 1#1: worker process 35 exited with code 0
2025/07/27 08:47:41 [notice] 1#1: signal 29 (SIGIO) received
2025/07/27 08:47:41 [notice] 1#1: signal 17 (SIGCHLD) received from 34
2025/07/27 08:47:41 [notice] 1#1: worker process 34 exited with code 0
2025/07/27 08:47:41 [notice] 1#1: signal 29 (SIGIO) received
2025/07/27 08:47:41 [notice] 1#1: signal 17 (SIGCHLD) received from 31
2025/07/27 08:47:41 [notice] 1#1: worker process 31 exited with code 0
2025/07/27 08:47:41 [notice] 1#1: signal 29 (SIGIO) received
2025/07/27 08:47:41 [notice] 1#1: signal 17 (SIGCHLD) received from 32
2025/07/27 08:47:41 [notice] 1#1: worker process 32 exited with code 0
2025/07/27 08:47:41 [notice] 1#1: signal 29 (SIGIO) received
2025/07/27 08:47:41 [notice] 1#1: signal 17 (SIGCHLD) received from 39
2025/07/27 08:47:41 [notice] 1#1: worker process 39 exited with code 0
2025/07/27 08:47:41 [notice] 1#1: signal 29 (SIGIO) received
2025/07/27 08:47:41 [notice] 1#1: signal 17 (SIGCHLD) received from 36
2025/07/27 08:47:41 [notice] 1#1: worker process 36 exited with code 0
2025/07/27 08:47:41 [notice] 1#1: worker process 38 exited with code 0
2025/07/27 08:47:41 [notice] 1#1: signal 29 (SIGIO) received
2025/07/27 08:47:41 [notice] 1#1: signal 17 (SIGCHLD) received from 37
2025/07/27 08:47:41 [notice] 1#1: worker process 33 exited with code 0
2025/07/27 08:47:41 [notice] 1#1: worker process 37 exited with code 0
2025/07/27 08:47:41 [notice] 1#1: exit
2025/07/27 08:48:49 [notice] 1#1: using the "epoll" event method
2025/07/27 08:48:49 [notice] 1#1: nginx/1.28.0
2025/07/27 08:48:49 [notice] 1#1: built by gcc 14.2.0 (Alpine 14.2.0) 
2025/07/27 08:48:49 [notice] 1#1: OS: Linux 6.14.0-24-generic
2025/07/27 08:48:49 [notice] 1#1: getrlimit(RLIMIT_NOFILE): 1048576:1048576
2025/07/27 08:48:49 [notice] 1#1: start worker processes
2025/07/27 08:48:49 [notice] 1#1: start worker process 30
2025/07/27 08:48:49 [notice] 1#1: start worker process 31
2025/07/27 08:48:49 [notice] 1#1: start worker process 32
2025/07/27 08:48:49 [notice] 1#1: start worker process 33
2025/07/27 08:48:49 [notice] 1#1: start worker process 34
2025/07/27 08:48:49 [notice] 1#1: start worker process 35
2025/07/27 08:48:49 [notice] 1#1: start worker process 36
2025/07/27 08:48:49 [notice] 1#1: start worker process 37
2025/07/27 08:48:49 [notice] 1#1: start worker process 38
2025/07/27 08:48:49 [notice] 1#1: start worker process 39
2025/07/27 09:05:40 [notice] 1#1: signal 3 (SIGQUIT) received, shutting down
2025/07/27 09:05:40 [notice] 30#30: gracefully shutting down
2025/07/27 09:05:40 [notice] 30#30: exiting
2025/07/27 09:05:40 [notice] 30#30: exit
2025/07/27 09:05:40 [notice] 31#31: gracefully shutting down
2025/07/27 09:05:40 [notice] 31#31: exiting
2025/07/27 09:05:40 [notice] 32#32: gracefully shutting down
2025/07/27 09:05:40 [notice] 34#34: gracefully shutting down
2025/07/27 09:05:40 [notice] 32#32: exiting
2025/07/27 09:05:40 [notice] 34#34: exiting
2025/07/27 09:05:40 [notice] 32#32: exit
2025/07/27 09:05:40 [notice] 33#33: gracefully shutting down
2025/07/27 09:05:40 [notice] 33#33: exiting
2025/07/27 09:05:40 [notice] 35#35: gracefully shutting down
2025/07/27 09:05:40 [notice] 31#31: exit
2025/07/27 09:05:40 [notice] 35#35: exiting
2025/07/27 09:05:40 [notice] 36#36: gracefully shutting down
2025/07/27 09:05:40 [notice] 36#36: exiting
2025/07/27 09:05:40 [notice] 35#35: exit
2025/07/27 09:05:40 [notice] 37#37: gracefully shutting down
2025/07/27 09:05:40 [notice] 37#37: exiting
2025/07/27 09:05:40 [notice] 38#38: gracefully shutting down
2025/07/27 09:05:40 [notice] 38#38: exiting
2025/07/27 09:05:40 [notice] 38#38: exit
2025/07/27 09:05:40 [notice] 39#39: gracefully shutting down
2025/07/27 09:05:40 [notice] 39#39: exiting
2025/07/27 09:05:40 [notice] 39#39: exit
2025/07/27 09:05:40 [notice] 37#37: exit
2025/07/27 09:05:40 [notice] 36#36: exit
2025/07/27 09:05:40 [notice] 34#34: exit
2025/07/27 09:05:40 [notice] 33#33: exit
2025/07/27 09:05:40 [notice] 1#1: signal 17 (SIGCHLD) received from 30
2025/07/27 09:05:40 [notice] 1#1: worker process 30 exited with code 0
2025/07/27 09:05:40 [notice] 1#1: signal 29 (SIGIO) received
2025/07/27 09:05:40 [notice] 1#1: signal 17 (SIGCHLD) received from 32
2025/07/27 09:05:40 [notice] 1#1: worker process 32 exited with code 0
2025/07/27 09:05:40 [notice] 1#1: signal 29 (SIGIO) received
2025/07/27 09:05:40 [notice] 1#1: signal 17 (SIGCHLD) received from 38
2025/07/27 09:05:40 [notice] 1#1: worker process 38 exited with code 0
2025/07/27 09:05:40 [notice] 1#1: signal 29 (SIGIO) received
2025/07/27 09:05:40 [notice] 1#1: signal 17 (SIGCHLD) received from 35
2025/07/27 09:05:40 [notice] 1#1: worker process 31 exited with code 0
2025/07/27 09:05:40 [notice] 1#1: worker process 35 exited with code 0
2025/07/27 09:05:40 [notice] 1#1: worker process 39 exited with code 0
2025/07/27 09:05:40 [notice] 1#1: signal 29 (SIGIO) received
2025/07/27 09:05:40 [notice] 1#1: signal 17 (SIGCHLD) received from 34
2025/07/27 09:05:40 [notice] 1#1: worker process 34 exited with code 0
2025/07/27 09:05:40 [notice] 1#1: worker process 36 exited with code 0
2025/07/27 09:05:40 [notice] 1#1: signal 29 (SIGIO) received
2025/07/27 09:05:40 [notice] 1#1: signal 17 (SIGCHLD) received from 33
2025/07/27 09:05:40 [notice] 1#1: worker process 33 exited with code 0
2025/07/27 09:05:40 [notice] 1#1: signal 29 (SIGIO) received
2025/07/27 09:05:40 [notice] 1#1: signal 17 (SIGCHLD) received from 37
2025/07/27 09:05:40 [notice] 1#1: worker process 37 exited with code 0
2025/07/27 09:05:40 [notice] 1#1: exit
2025/07/27 09:09:34 [notice] 1#1: using the "epoll" event method
2025/07/27 09:09:34 [notice] 1#1: nginx/1.28.0
2025/07/27 09:09:34 [notice] 1#1: built by gcc 14.2.0 (Alpine 14.2.0) 
2025/07/27 09:09:34 [notice] 1#1: OS: Linux 6.14.0-24-generic
2025/07/27 09:09:34 [notice] 1#1: getrlimit(RLIMIT_NOFILE): 1048576:1048576
2025/07/27 09:09:34 [notice] 1#1: start worker processes
2025/07/27 09:09:34 [notice] 1#1: start worker process 30
2025/07/27 09:09:34 [notice] 1#1: start worker process 31
2025/07/27 09:09:34 [notice] 1#1: start worker process 32
2025/07/27 09:09:34 [notice] 1#1: start worker process 33
2025/07/27 09:09:34 [notice] 1#1: start worker process 34
2025/07/27 09:09:34 [notice] 1#1: start worker process 35
2025/07/27 09:09:34 [notice] 1#1: start worker process 36
2025/07/27 09:09:34 [notice] 1#1: start worker process 37
2025/07/27 09:09:34 [notice] 1#1: start worker process 38
2025/07/27 09:09:34 [notice] 1#1: start worker process 39
2025/07/27 09:12:34 [notice] 1#1: signal 3 (SIGQUIT) received, shutting down
2025/07/27 09:12:34 [notice] 36#36: gracefully shutting down
2025/07/27 09:12:34 [notice] 36#36: exiting
2025/07/27 09:12:34 [notice] 34#34: gracefully shutting down
2025/07/27 09:12:34 [notice] 35#35: gracefully shutting down
2025/07/27 09:12:34 [notice] 35#35: exiting
2025/07/27 09:12:34 [notice] 34#34: exiting
2025/07/27 09:12:34 [notice] 35#35: exit
2025/07/27 09:12:34 [notice] 32#32: gracefully shutting down
2025/07/27 09:12:34 [notice] 32#32: exiting
2025/07/27 09:12:34 [notice] 32#32: exit
2025/07/27 09:12:34 [notice] 33#33: gracefully shutting down
2025/07/27 09:12:34 [notice] 33#33: exiting
2025/07/27 09:12:34 [notice] 33#33: exit
2025/07/27 09:12:34 [notice] 36#36: exit
2025/07/27 09:12:34 [notice] 31#31: gracefully shutting down
2025/07/27 09:12:34 [notice] 31#31: exiting
2025/07/27 09:12:34 [notice] 30#30: gracefully shutting down
2025/07/27 09:12:34 [notice] 30#30: exiting
2025/07/27 09:12:34 [notice] 34#34: exit
2025/07/27 09:12:34 [notice] 31#31: exit
2025/07/27 09:12:34 [notice] 37#37: gracefully shutting down
2025/07/27 09:12:34 [notice] 37#37: exiting
2025/07/27 09:12:34 [notice] 38#38: gracefully shutting down
2025/07/27 09:12:34 [notice] 38#38: exiting
2025/07/27 09:12:34 [notice] 39#39: gracefully shutting down
2025/07/27 09:12:34 [notice] 39#39: exiting
2025/07/27 09:12:34 [notice] 39#39: exit
2025/07/27 09:12:34 [notice] 38#38: exit
2025/07/27 09:12:34 [notice] 30#30: exit
2025/07/27 09:12:34 [notice] 37#37: exit
2025/07/27 09:12:34 [notice] 1#1: signal 17 (SIGCHLD) received from 36
2025/07/27 09:12:34 [notice] 1#1: worker process 31 exited with code 0
2025/07/27 09:12:34 [notice] 1#1: worker process 32 exited with code 0
2025/07/27 09:12:34 [notice] 1#1: worker process 33 exited with code 0
2025/07/27 09:12:34 [notice] 1#1: worker process 34 exited with code 0
2025/07/27 09:12:34 [notice] 1#1: worker process 35 exited with code 0
2025/07/27 09:12:34 [notice] 1#1: worker process 36 exited with code 0
2025/07/27 09:12:34 [notice] 1#1: signal 29 (SIGIO) received
2025/07/27 09:12:34 [notice] 1#1: signal 17 (SIGCHLD) received from 38
2025/07/27 09:12:34 [notice] 1#1: worker process 30 exited with code 0
2025/07/27 09:12:34 [notice] 1#1: worker process 37 exited with code 0
2025/07/27 09:12:34 [notice] 1#1: worker process 38 exited with code 0
2025/07/27 09:12:34 [notice] 1#1: signal 29 (SIGIO) received
2025/07/27 09:12:34 [notice] 1#1: signal 17 (SIGCHLD) received from 37
2025/07/27 09:12:34 [notice] 1#1: signal 17 (SIGCHLD) received from 39
2025/07/27 09:12:34 [notice] 1#1: worker process 39 exited with code 0
2025/07/27 09:12:34 [notice] 1#1: exit
2025/07/27 09:26:44 [notice] 1#1: using the "epoll" event method
2025/07/27 09:26:44 [notice] 1#1: nginx/1.28.0
2025/07/27 09:26:44 [notice] 1#1: built by gcc 14.2.0 (Alpine 14.2.0) 
2025/07/27 09:26:44 [notice] 1#1: OS: Linux 6.14.0-24-generic
2025/07/27 09:26:44 [notice] 1#1: getrlimit(RLIMIT_NOFILE): 1048576:1048576
2025/07/27 09:26:44 [notice] 1#1: start worker processes
2025/07/27 09:26:44 [notice] 1#1: start worker process 29
2025/07/27 09:26:44 [notice] 1#1: start worker process 30
2025/07/27 09:26:44 [notice] 1#1: start worker process 31
2025/07/27 09:26:44 [notice] 1#1: start worker process 32
2025/07/27 09:26:44 [notice] 1#1: start worker process 33
2025/07/27 09:26:44 [notice] 1#1: start worker process 34
2025/07/27 09:26:44 [notice] 1#1: start worker process 35
2025/07/27 09:26:44 [notice] 1#1: start worker process 36
2025/07/27 09:26:44 [notice] 1#1: start worker process 37
2025/07/27 09:26:44 [notice] 1#1: start worker process 38
2025/07/27 09:36:58 [notice] 1#1: signal 3 (SIGQUIT) received, shutting down
2025/07/27 09:36:58 [notice] 30#30: gracefully shutting down
2025/07/27 09:36:58 [notice] 30#30: exiting
2025/07/27 09:36:58 [notice] 35#35: gracefully shutting down
2025/07/27 09:36:58 [notice] 35#35: exiting
2025/07/27 09:36:58 [notice] 38#38: gracefully shutting down
2025/07/27 09:36:58 [notice] 31#31: gracefully shutting down
2025/07/27 09:36:58 [notice] 31#31: exiting
2025/07/27 09:36:58 [notice] 31#31: exit
2025/07/27 09:36:58 [notice] 33#33: gracefully shutting down
2025/07/27 09:36:58 [notice] 38#38: exiting
2025/07/27 09:36:58 [notice] 29#29: gracefully shutting down
2025/07/27 09:36:58 [notice] 29#29: exiting
2025/07/27 09:36:58 [notice] 29#29: exit
2025/07/27 09:36:58 [notice] 34#34: gracefully shutting down
2025/07/27 09:36:58 [notice] 34#34: exiting
2025/07/27 09:36:58 [notice] 34#34: exit
2025/07/27 09:36:58 [notice] 32#32: gracefully shutting down
2025/07/27 09:36:58 [notice] 32#32: exiting
2025/07/27 09:36:58 [notice] 32#32: exit
2025/07/27 09:36:58 [notice] 30#30: exit
2025/07/27 09:36:58 [notice] 37#37: gracefully shutting down
2025/07/27 09:36:58 [notice] 37#37: exiting
2025/07/27 09:36:58 [notice] 36#36: gracefully shutting down
2025/07/27 09:36:58 [notice] 36#36: exiting
2025/07/27 09:36:58 [notice] 33#33: exiting
2025/07/27 09:36:58 [notice] 35#35: exit
2025/07/27 09:36:58 [notice] 33#33: exit
2025/07/27 09:36:58 [notice] 36#36: exit
2025/07/27 09:36:58 [notice] 38#38: exit
2025/07/27 09:36:58 [notice] 37#37: exit
2025/07/27 09:36:59 [notice] 1#1: signal 17 (SIGCHLD) received from 34
2025/07/27 09:36:59 [notice] 1#1: worker process 34 exited with code 0
2025/07/27 09:36:59 [notice] 1#1: signal 29 (SIGIO) received
2025/07/27 09:36:59 [notice] 1#1: signal 17 (SIGCHLD) received from 32
2025/07/27 09:36:59 [notice] 1#1: worker process 32 exited with code 0
2025/07/27 09:36:59 [notice] 1#1: signal 29 (SIGIO) received
2025/07/27 09:36:59 [notice] 1#1: signal 17 (SIGCHLD) received from 36
2025/07/27 09:36:59 [notice] 1#1: worker process 29 exited with code 0
2025/07/27 09:36:59 [notice] 1#1: worker process 33 exited with code 0
2025/07/27 09:36:59 [notice] 1#1: worker process 35 exited with code 0
2025/07/27 09:36:59 [notice] 1#1: worker process 36 exited with code 0
2025/07/27 09:36:59 [notice] 1#1: worker process 38 exited with code 0
2025/07/27 09:36:59 [notice] 1#1: signal 29 (SIGIO) received
2025/07/27 09:36:59 [notice] 1#1: signal 17 (SIGCHLD) received from 37
2025/07/27 09:36:59 [notice] 1#1: worker process 37 exited with code 0
2025/07/27 09:36:59 [notice] 1#1: signal 29 (SIGIO) received
2025/07/27 09:36:59 [notice] 1#1: signal 17 (SIGCHLD) received from 30
2025/07/27 09:36:59 [notice] 1#1: worker process 30 exited with code 0
2025/07/27 09:36:59 [notice] 1#1: signal 29 (SIGIO) received
2025/07/27 09:36:59 [notice] 1#1: signal 17 (SIGCHLD) received from 31
2025/07/27 09:36:59 [notice] 1#1: worker process 31 exited with code 0
2025/07/27 09:36:59 [notice] 1#1: exit
2025/07/27 09:50:02 [notice] 1#1: using the "epoll" event method
2025/07/27 09:50:02 [notice] 1#1: nginx/1.28.0
2025/07/27 09:50:02 [notice] 1#1: built by gcc 14.2.0 (Alpine 14.2.0) 
2025/07/27 09:50:02 [notice] 1#1: OS: Linux 6.14.0-24-generic
2025/07/27 09:50:02 [notice] 1#1: getrlimit(RLIMIT_NOFILE): 1048576:1048576
2025/07/27 09:50:02 [notice] 1#1: start worker processes
2025/07/27 09:50:02 [notice] 1#1: start worker process 22
2025/07/27 09:50:02 [notice] 1#1: start worker process 23
2025/07/27 09:50:02 [notice] 1#1: start worker process 24
2025/07/27 09:50:02 [notice] 1#1: start worker process 25
2025/07/27 09:50:02 [notice] 1#1: start worker process 26
2025/07/27 09:50:02 [notice] 1#1: start worker process 27
2025/07/27 09:50:02 [notice] 1#1: start worker process 28
2025/07/27 09:50:02 [notice] 1#1: start worker process 29
2025/07/27 09:50:02 [notice] 1#1: start worker process 30
2025/07/27 09:50:02 [notice] 1#1: start worker process 31
2025/07/27 10:16:39 [notice] 1#1: signal 3 (SIGQUIT) received, shutting down
2025/07/27 10:16:39 [notice] 22#22: gracefully shutting down
2025/07/27 10:16:39 [notice] 22#22: exiting
2025/07/27 10:16:39 [notice] 23#23: gracefully shutting down
2025/07/27 10:16:39 [notice] 23#23: exiting
2025/07/27 10:16:39 [notice] 25#25: gracefully shutting down
2025/07/27 10:16:39 [notice] 25#25: exiting
2025/07/27 10:16:39 [notice] 23#23: exit
2025/07/27 10:16:39 [notice] 24#24: gracefully shutting down
2025/07/27 10:16:39 [notice] 24#24: exiting
2025/07/27 10:16:39 [notice] 22#22: exit
2025/07/27 10:16:39 [notice] 26#26: gracefully shutting down
2025/07/27 10:16:39 [notice] 26#26: exiting
2025/07/27 10:16:39 [notice] 29#29: gracefully shutting down
2025/07/27 10:16:39 [notice] 29#29: exiting
2025/07/27 10:16:39 [notice] 30#30: gracefully shutting down
2025/07/27 10:16:39 [notice] 30#30: exiting
2025/07/27 10:16:39 [notice] 26#26: exit
2025/07/27 10:16:39 [notice] 27#27: gracefully shutting down
2025/07/27 10:16:39 [notice] 27#27: exiting
2025/07/27 10:16:39 [notice] 29#29: exit
2025/07/27 10:16:39 [notice] 28#28: gracefully shutting down
2025/07/27 10:16:39 [notice] 28#28: exiting
2025/07/27 10:16:39 [notice] 30#30: exit
2025/07/27 10:16:39 [notice] 31#31: gracefully shutting down
2025/07/27 10:16:39 [notice] 31#31: exiting
2025/07/27 10:16:39 [notice] 27#27: exit
2025/07/27 10:16:39 [notice] 31#31: exit
2025/07/27 10:16:39 [notice] 24#24: exit
2025/07/27 10:16:39 [notice] 28#28: exit
2025/07/27 10:16:39 [notice] 25#25: exit
2025/07/27 10:16:41 [notice] 1#1: signal 17 (SIGCHLD) received from 23
2025/07/27 10:16:41 [notice] 1#1: worker process 23 exited with code 0
2025/07/27 10:16:41 [notice] 1#1: signal 29 (SIGIO) received
2025/07/27 10:16:41 [notice] 1#1: signal 17 (SIGCHLD) received from 24
2025/07/27 10:16:41 [notice] 1#1: worker process 24 exited with code 0
2025/07/27 10:16:41 [notice] 1#1: signal 29 (SIGIO) received
2025/07/27 10:16:41 [notice] 1#1: signal 17 (SIGCHLD) received from 30
2025/07/27 10:16:41 [notice] 1#1: worker process 30 exited with code 0
2025/07/27 10:16:41 [notice] 1#1: worker process 31 exited with code 0
2025/07/27 10:16:41 [notice] 1#1: signal 29 (SIGIO) received
2025/07/27 10:16:41 [notice] 1#1: signal 17 (SIGCHLD) received from 31
2025/07/27 10:16:41 [notice] 1#1: worker process 28 exited with code 0
2025/07/27 10:16:41 [notice] 1#1: signal 29 (SIGIO) received
2025/07/27 10:16:41 [notice] 1#1: signal 17 (SIGCHLD) received from 28
2025/07/27 10:16:41 [notice] 1#1: signal 17 (SIGCHLD) received from 27
2025/07/27 10:16:41 [notice] 1#1: worker process 27 exited with code 0
2025/07/27 10:16:41 [notice] 1#1: signal 29 (SIGIO) received
2025/07/27 10:16:41 [notice] 1#1: signal 17 (SIGCHLD) received from 22
2025/07/27 10:16:41 [notice] 1#1: worker process 22 exited with code 0
2025/07/27 10:16:41 [notice] 1#1: worker process 29 exited with code 0
2025/07/27 10:16:41 [notice] 1#1: signal 29 (SIGIO) received
2025/07/27 10:16:41 [notice] 1#1: signal 17 (SIGCHLD) received from 26
2025/07/27 10:16:41 [notice] 1#1: worker process 25 exited with code 0
2025/07/27 10:16:41 [notice] 1#1: worker process 26 exited with code 0
2025/07/27 10:16:41 [notice] 1#1: exit
2025/07/27 10:55:07 [notice] 1#1: using the "epoll" event method
2025/07/27 10:55:07 [notice] 1#1: nginx/1.28.0
2025/07/27 10:55:07 [notice] 1#1: built by gcc 14.2.0 (Alpine 14.2.0) 
2025/07/27 10:55:07 [notice] 1#1: OS: Linux 6.14.0-24-generic
2025/07/27 10:55:07 [notice] 1#1: getrlimit(RLIMIT_NOFILE): 1048576:1048576
2025/07/27 10:55:07 [notice] 1#1: start worker processes
2025/07/27 10:55:07 [notice] 1#1: start worker process 30
2025/07/27 10:55:07 [notice] 1#1: start worker process 31
2025/07/27 10:55:07 [notice] 1#1: start worker process 32
2025/07/27 10:55:07 [notice] 1#1: start worker process 33
2025/07/27 10:55:07 [notice] 1#1: start worker process 34
2025/07/27 10:55:07 [notice] 1#1: start worker process 35
2025/07/27 10:55:07 [notice] 1#1: start worker process 36
2025/07/27 10:55:07 [notice] 1#1: start worker process 37
2025/07/27 10:58:28 [notice] 1#1: signal 3 (SIGQUIT) received, shutting down
2025/07/27 10:58:28 [notice] 30#30: gracefully shutting down
2025/07/27 10:58:28 [notice] 30#30: exiting
2025/07/27 10:58:28 [notice] 32#32: gracefully shutting down
2025/07/27 10:58:28 [notice] 32#32: exiting
2025/07/27 10:58:28 [notice] 31#31: gracefully shutting down
2025/07/27 10:58:28 [notice] 31#31: exiting
2025/07/27 10:58:28 [notice] 33#33: gracefully shutting down
2025/07/27 10:58:28 [notice] 33#33: exiting
2025/07/27 10:58:28 [notice] 34#34: gracefully shutting down
2025/07/27 10:58:28 [notice] 34#34: exiting
2025/07/27 10:58:28 [notice] 35#35: gracefully shutting down
2025/07/27 10:58:28 [notice] 35#35: exiting
2025/07/27 10:58:28 [notice] 36#36: gracefully shutting down
2025/07/27 10:58:28 [notice] 36#36: exiting
2025/07/27 10:58:28 [notice] 36#36: exit
2025/07/27 10:58:28 [notice] 31#31: exit
2025/07/27 10:58:28 [notice] 33#33: exit
2025/07/27 10:58:28 [notice] 30#30: exit
2025/07/27 10:58:28 [notice] 32#32: exit
2025/07/27 10:58:28 [notice] 34#34: exit
2025/07/27 10:58:28 [notice] 37#37: gracefully shutting down
2025/07/27 10:58:28 [notice] 37#37: exiting
2025/07/27 10:58:28 [notice] 35#35: exit
2025/07/27 10:58:28 [notice] 37#37: exit
2025/07/27 10:58:29 [notice] 1#1: signal 17 (SIGCHLD) received from 36
2025/07/27 10:58:29 [notice] 1#1: worker process 36 exited with code 0
2025/07/27 10:58:29 [notice] 1#1: signal 29 (SIGIO) received
2025/07/27 10:58:29 [notice] 1#1: signal 17 (SIGCHLD) received from 32
2025/07/27 10:58:29 [notice] 1#1: worker process 32 exited with code 0
2025/07/27 10:58:29 [notice] 1#1: signal 29 (SIGIO) received
2025/07/27 10:58:29 [notice] 1#1: signal 17 (SIGCHLD) received from 30
2025/07/27 10:58:29 [notice] 1#1: worker process 30 exited with code 0
2025/07/27 10:58:29 [notice] 1#1: signal 29 (SIGIO) received
2025/07/27 10:58:29 [notice] 1#1: signal 17 (SIGCHLD) received from 31
2025/07/27 10:58:29 [notice] 1#1: worker process 31 exited with code 0
2025/07/27 10:58:29 [notice] 1#1: worker process 34 exited with code 0
2025/07/27 10:58:29 [notice] 1#1: worker process 35 exited with code 0
2025/07/27 10:58:29 [notice] 1#1: signal 29 (SIGIO) received
2025/07/27 10:58:29 [notice] 1#1: signal 17 (SIGCHLD) received from 34
2025/07/27 10:58:29 [notice] 1#1: signal 17 (SIGCHLD) received from 37
2025/07/27 10:58:29 [notice] 1#1: worker process 37 exited with code 0
2025/07/27 10:58:29 [notice] 1#1: signal 29 (SIGIO) received
2025/07/27 10:58:29 [notice] 1#1: signal 17 (SIGCHLD) received from 33
2025/07/27 10:58:29 [notice] 1#1: worker process 33 exited with code 0
2025/07/27 10:58:29 [notice] 1#1: exit
2025/07/27 13:35:59 [notice] 1#1: using the "epoll" event method
2025/07/27 13:35:59 [notice] 1#1: nginx/1.28.0
2025/07/27 13:35:59 [notice] 1#1: built by gcc 14.2.0 (Alpine 14.2.0) 
2025/07/27 13:35:59 [notice] 1#1: OS: Linux 6.14.0-24-generic
2025/07/27 13:35:59 [notice] 1#1: getrlimit(RLIMIT_NOFILE): 1048576:1048576
2025/07/27 13:35:59 [notice] 1#1: start worker processes
2025/07/27 13:35:59 [notice] 1#1: start worker process 22
2025/07/27 13:35:59 [notice] 1#1: start worker process 23
2025/07/27 13:35:59 [notice] 1#1: start worker process 24
2025/07/27 13:35:59 [notice] 1#1: start worker process 25
2025/07/27 13:35:59 [notice] 1#1: start worker process 26
2025/07/27 13:35:59 [notice] 1#1: start worker process 27
2025/07/27 13:35:59 [notice] 1#1: start worker process 28
2025/07/27 13:35:59 [notice] 1#1: start worker process 29
2025/07/27 13:38:56 [notice] 1#1: signal 3 (SIGQUIT) received, shutting down
2025/07/27 13:38:56 [notice] 22#22: gracefully shutting down
2025/07/27 13:38:56 [notice] 22#22: exiting
2025/07/27 13:38:56 [notice] 22#22: exit
2025/07/27 13:38:56 [notice] 23#23: gracefully shutting down
2025/07/27 13:38:56 [notice] 23#23: exiting
2025/07/27 13:38:56 [notice] 23#23: exit
2025/07/27 13:38:56 [notice] 25#25: gracefully shutting down
2025/07/27 13:38:56 [notice] 24#24: gracefully shutting down
2025/07/27 13:38:56 [notice] 25#25: exiting
2025/07/27 13:38:56 [notice] 24#24: exiting
2025/07/27 13:38:56 [notice] 24#24: exit
2025/07/27 13:38:56 [notice] 25#25: exit
2025/07/27 13:38:56 [notice] 27#27: gracefully shutting down
2025/07/27 13:38:56 [notice] 29#29: gracefully shutting down
2025/07/27 13:38:56 [notice] 29#29: exiting
2025/07/27 13:38:56 [notice] 29#29: exit
2025/07/27 13:38:56 [notice] 28#28: gracefully shutting down
2025/07/27 13:38:56 [notice] 26#26: gracefully shutting down
2025/07/27 13:38:56 [notice] 26#26: exiting
2025/07/27 13:38:56 [notice] 26#26: exit
2025/07/27 13:38:56 [notice] 27#27: exiting
2025/07/27 13:38:56 [notice] 27#27: exit
2025/07/27 13:38:56 [notice] 28#28: exiting
2025/07/27 13:38:56 [notice] 28#28: exit
2025/07/27 13:38:56 [notice] 1#1: signal 17 (SIGCHLD) received from 25
2025/07/27 13:38:56 [notice] 1#1: worker process 25 exited with code 0
2025/07/27 13:38:56 [notice] 1#1: signal 29 (SIGIO) received
2025/07/27 13:38:56 [notice] 1#1: signal 17 (SIGCHLD) received from 22
2025/07/27 13:38:56 [notice] 1#1: worker process 22 exited with code 0
2025/07/27 13:38:56 [notice] 1#1: worker process 28 exited with code 0
2025/07/27 13:38:56 [notice] 1#1: worker process 29 exited with code 0
2025/07/27 13:38:56 [notice] 1#1: worker process 26 exited with code 0
2025/07/27 13:38:56 [notice] 1#1: worker process 27 exited with code 0
2025/07/27 13:38:56 [notice] 1#1: signal 29 (SIGIO) received
2025/07/27 13:38:56 [notice] 1#1: signal 17 (SIGCHLD) received from 26
2025/07/27 13:38:56 [notice] 1#1: signal 17 (SIGCHLD) received from 23
2025/07/27 13:38:56 [notice] 1#1: worker process 23 exited with code 0
2025/07/27 13:38:56 [notice] 1#1: signal 29 (SIGIO) received
2025/07/27 13:38:56 [notice] 1#1: signal 17 (SIGCHLD) received from 24
2025/07/27 13:38:56 [notice] 1#1: worker process 24 exited with code 0
2025/07/27 13:38:56 [notice] 1#1: exit
2025/07/27 13:39:13 [notice] 1#1: using the "epoll" event method
2025/07/27 13:39:13 [notice] 1#1: nginx/1.28.0
2025/07/27 13:39:13 [notice] 1#1: built by gcc 14.2.0 (Alpine 14.2.0) 
2025/07/27 13:39:13 [notice] 1#1: OS: Linux 6.14.0-24-generic
2025/07/27 13:39:13 [notice] 1#1: getrlimit(RLIMIT_NOFILE): 1048576:1048576
2025/07/27 13:39:13 [notice] 1#1: start worker processes
2025/07/27 13:39:13 [notice] 1#1: start worker process 30
2025/07/27 13:39:13 [notice] 1#1: start worker process 31
2025/07/27 13:39:13 [notice] 1#1: start worker process 32
2025/07/27 13:39:13 [notice] 1#1: start worker process 33
2025/07/27 13:39:13 [notice] 1#1: start worker process 34
2025/07/27 13:39:13 [notice] 1#1: start worker process 35
2025/07/27 13:39:13 [notice] 1#1: start worker process 36
2025/07/27 13:39:13 [notice] 1#1: start worker process 37
2025/07/27 13:41:14 [notice] 1#1: signal 3 (SIGQUIT) received, shutting down
2025/07/27 13:41:14 [notice] 30#30: gracefully shutting down
2025/07/27 13:41:14 [notice] 30#30: exiting
2025/07/27 13:41:14 [notice] 30#30: exit
2025/07/27 13:41:14 [notice] 32#32: gracefully shutting down
2025/07/27 13:41:14 [notice] 32#32: exiting
2025/07/27 13:41:14 [notice] 32#32: exit
2025/07/27 13:41:14 [notice] 31#31: gracefully shutting down
2025/07/27 13:41:14 [notice] 31#31: exiting
2025/07/27 13:41:14 [notice] 36#36: gracefully shutting down
2025/07/27 13:41:14 [notice] 36#36: exiting
2025/07/27 13:41:14 [notice] 36#36: exit
2025/07/27 13:41:14 [notice] 31#31: exit
2025/07/27 13:41:14 [notice] 37#37: gracefully shutting down
2025/07/27 13:41:14 [notice] 37#37: exiting
2025/07/27 13:41:14 [notice] 37#37: exit
2025/07/27 13:41:14 [notice] 33#33: gracefully shutting down
2025/07/27 13:41:14 [notice] 33#33: exiting
2025/07/27 13:41:14 [notice] 33#33: exit
2025/07/27 13:41:14 [notice] 35#35: gracefully shutting down
2025/07/27 13:41:14 [notice] 35#35: exiting
2025/07/27 13:41:14 [notice] 35#35: exit
2025/07/27 13:41:14 [notice] 34#34: gracefully shutting down
2025/07/27 13:41:14 [notice] 34#34: exiting
2025/07/27 13:41:14 [notice] 34#34: exit
2025/07/27 13:41:14 [notice] 1#1: signal 17 (SIGCHLD) received from 31
2025/07/27 13:41:14 [notice] 1#1: worker process 31 exited with code 0
2025/07/27 13:41:14 [notice] 1#1: worker process 32 exited with code 0
2025/07/27 13:41:14 [notice] 1#1: signal 29 (SIGIO) received
2025/07/27 13:41:14 [notice] 1#1: signal 17 (SIGCHLD) received from 37
2025/07/27 13:41:14 [notice] 1#1: worker process 37 exited with code 0
2025/07/27 13:41:14 [notice] 1#1: signal 29 (SIGIO) received
2025/07/27 13:41:14 [notice] 1#1: signal 17 (SIGCHLD) received from 33
2025/07/27 13:41:14 [notice] 1#1: worker process 33 exited with code 0
2025/07/27 13:41:14 [notice] 1#1: signal 29 (SIGIO) received
2025/07/27 13:41:14 [notice] 1#1: signal 17 (SIGCHLD) received from 36
2025/07/27 13:41:14 [notice] 1#1: worker process 36 exited with code 0
2025/07/27 13:41:14 [notice] 1#1: signal 29 (SIGIO) received
2025/07/27 13:41:14 [notice] 1#1: signal 17 (SIGCHLD) received from 30
2025/07/27 13:41:14 [notice] 1#1: worker process 30 exited with code 0
2025/07/27 13:41:14 [notice] 1#1: signal 29 (SIGIO) received
2025/07/27 13:41:14 [notice] 1#1: signal 17 (SIGCHLD) received from 35
2025/07/27 13:41:14 [notice] 1#1: worker process 35 exited with code 0
2025/07/27 13:41:14 [notice] 1#1: signal 17 (SIGCHLD) received from 34
2025/07/27 13:41:14 [notice] 1#1: worker process 34 exited with code 0
2025/07/27 13:41:14 [notice] 1#1: signal 29 (SIGIO) received
2025/07/27 13:41:14 [notice] 1#1: exit
2025/07/27 13:41:23 [notice] 1#1: using the "epoll" event method
2025/07/27 13:41:23 [notice] 1#1: nginx/1.28.0
2025/07/27 13:41:23 [notice] 1#1: built by gcc 14.2.0 (Alpine 14.2.0) 
2025/07/27 13:41:23 [notice] 1#1: OS: Linux 6.14.0-24-generic
2025/07/27 13:41:23 [notice] 1#1: getrlimit(RLIMIT_NOFILE): 1048576:1048576
2025/07/27 13:41:23 [notice] 1#1: start worker processes
2025/07/27 13:41:23 [notice] 1#1: start worker process 31
2025/07/27 13:41:23 [notice] 1#1: start worker process 32
2025/07/27 13:41:23 [notice] 1#1: start worker process 33
2025/07/27 13:41:23 [notice] 1#1: start worker process 34
2025/07/27 13:41:23 [notice] 1#1: start worker process 35
2025/07/27 13:41:23 [notice] 1#1: start worker process 36
2025/07/27 13:41:23 [notice] 1#1: start worker process 37
2025/07/27 13:41:23 [notice] 1#1: start worker process 38
2025/07/27 14:18:59 [notice] 1#1: signal 3 (SIGQUIT) received, shutting down
2025/07/27 14:18:59 [notice] 36#36: gracefully shutting down
2025/07/27 14:18:59 [notice] 36#36: exiting
2025/07/27 14:18:59 [notice] 36#36: exit
2025/07/27 14:18:59 [notice] 33#33: gracefully shutting down
2025/07/27 14:18:59 [notice] 33#33: exiting
2025/07/27 14:18:59 [notice] 34#34: gracefully shutting down
2025/07/27 14:18:59 [notice] 34#34: exiting
2025/07/27 14:18:59 [notice] 35#35: gracefully shutting down
2025/07/27 14:18:59 [notice] 35#35: exiting
2025/07/27 14:18:59 [notice] 34#34: exit
2025/07/27 14:18:59 [notice] 37#37: gracefully shutting down
2025/07/27 14:18:59 [notice] 37#37: exiting
2025/07/27 14:18:59 [notice] 38#38: gracefully shutting down
2025/07/27 14:18:59 [notice] 38#38: exiting
2025/07/27 14:18:59 [notice] 38#38: exit
2025/07/27 14:18:59 [notice] 37#37: exit
2025/07/27 14:18:59 [notice] 35#35: exit
2025/07/27 14:18:59 [notice] 31#31: gracefully shutting down
2025/07/27 14:18:59 [notice] 32#32: gracefully shutting down
2025/07/27 14:18:59 [notice] 32#32: exiting
2025/07/27 14:18:59 [notice] 31#31: exiting
2025/07/27 14:18:59 [notice] 33#33: exit
2025/07/27 14:18:59 [notice] 31#31: exit
2025/07/27 14:18:59 [notice] 32#32: exit
2025/07/27 14:18:59 [notice] 1#1: signal 17 (SIGCHLD) received from 34
2025/07/27 14:18:59 [notice] 1#1: worker process 34 exited with code 0
2025/07/27 14:18:59 [notice] 1#1: signal 29 (SIGIO) received
2025/07/27 14:18:59 [notice] 1#1: signal 17 (SIGCHLD) received from 33
2025/07/27 14:18:59 [notice] 1#1: worker process 33 exited with code 0
2025/07/27 14:18:59 [notice] 1#1: signal 29 (SIGIO) received
2025/07/27 14:18:59 [notice] 1#1: signal 17 (SIGCHLD) received from 37
2025/07/27 14:18:59 [notice] 1#1: worker process 37 exited with code 0
2025/07/27 14:18:59 [notice] 1#1: signal 29 (SIGIO) received
2025/07/27 14:18:59 [notice] 1#1: signal 17 (SIGCHLD) received from 35
2025/07/27 14:18:59 [notice] 1#1: worker process 35 exited with code 0
2025/07/27 14:18:59 [notice] 1#1: signal 29 (SIGIO) received
2025/07/27 14:18:59 [notice] 1#1: signal 17 (SIGCHLD) received from 31
2025/07/27 14:18:59 [notice] 1#1: worker process 31 exited with code 0
2025/07/27 14:18:59 [notice] 1#1: worker process 32 exited with code 0
2025/07/27 14:18:59 [notice] 1#1: signal 29 (SIGIO) received
2025/07/27 14:18:59 [notice] 1#1: signal 17 (SIGCHLD) received from 36
2025/07/27 14:18:59 [notice] 1#1: worker process 36 exited with code 0
2025/07/27 14:18:59 [notice] 1#1: signal 29 (SIGIO) received
2025/07/27 14:18:59 [notice] 1#1: signal 17 (SIGCHLD) received from 38
2025/07/27 14:18:59 [notice] 1#1: worker process 38 exited with code 0
2025/07/27 14:18:59 [notice] 1#1: exit
2025/07/27 14:19:43 [notice] 1#1: using the "epoll" event method
2025/07/27 14:19:43 [notice] 1#1: nginx/1.28.0
2025/07/27 14:19:43 [notice] 1#1: built by gcc 14.2.0 (Alpine 14.2.0) 
2025/07/27 14:19:43 [notice] 1#1: OS: Linux 6.14.0-24-generic
2025/07/27 14:19:43 [notice] 1#1: getrlimit(RLIMIT_NOFILE): 1048576:1048576
2025/07/27 14:19:43 [notice] 1#1: start worker processes
2025/07/27 14:19:43 [notice] 1#1: start worker process 30
2025/07/27 14:19:43 [notice] 1#1: start worker process 31
2025/07/27 14:19:43 [notice] 1#1: start worker process 32
2025/07/27 14:19:43 [notice] 1#1: start worker process 33
2025/07/27 14:19:43 [notice] 1#1: start worker process 34
2025/07/27 14:19:43 [notice] 1#1: start worker process 35
2025/07/27 14:19:43 [notice] 1#1: start worker process 36
2025/07/27 14:19:43 [notice] 1#1: start worker process 37
2025/07/27 14:27:56 [notice] 1#1: signal 3 (SIGQUIT) received, shutting down
2025/07/27 14:27:56 [notice] 31#31: gracefully shutting down
2025/07/27 14:27:56 [notice] 30#30: gracefully shutting down
2025/07/27 14:27:56 [notice] 30#30: exiting
2025/07/27 14:27:56 [notice] 30#30: exit
2025/07/27 14:27:56 [notice] 33#33: gracefully shutting down
2025/07/27 14:27:56 [notice] 33#33: exiting
2025/07/27 14:27:56 [notice] 34#34: gracefully shutting down
2025/07/27 14:27:56 [notice] 35#35: gracefully shutting down
2025/07/27 14:27:56 [notice] 35#35: exiting
2025/07/27 14:27:56 [notice] 35#35: exit
2025/07/27 14:27:56 [notice] 31#31: exiting
2025/07/27 14:27:56 [notice] 31#31: exit
2025/07/27 14:27:56 [notice] 33#33: exit
2025/07/27 14:27:56 [notice] 36#36: gracefully shutting down
2025/07/27 14:27:56 [notice] 36#36: exiting
2025/07/27 14:27:56 [notice] 36#36: exit
2025/07/27 14:27:56 [notice] 32#32: gracefully shutting down
2025/07/27 14:27:56 [notice] 32#32: exiting
2025/07/27 14:27:56 [notice] 32#32: exit
2025/07/27 14:27:56 [notice] 37#37: gracefully shutting down
2025/07/27 14:27:56 [notice] 37#37: exiting
2025/07/27 14:27:56 [notice] 34#34: exiting
2025/07/27 14:27:56 [notice] 34#34: exit
2025/07/27 14:27:56 [notice] 37#37: exit
2025/07/27 14:27:56 [notice] 1#1: signal 17 (SIGCHLD) received from 30
2025/07/27 14:27:56 [notice] 1#1: worker process 30 exited with code 0
2025/07/27 14:27:56 [notice] 1#1: signal 29 (SIGIO) received
2025/07/27 14:27:56 [notice] 1#1: signal 17 (SIGCHLD) received from 35
2025/07/27 14:27:56 [notice] 1#1: worker process 35 exited with code 0
2025/07/27 14:27:56 [notice] 1#1: signal 29 (SIGIO) received
2025/07/27 14:27:56 [notice] 1#1: signal 17 (SIGCHLD) received from 33
2025/07/27 14:27:56 [notice] 1#1: worker process 31 exited with code 0
2025/07/27 14:27:56 [notice] 1#1: worker process 33 exited with code 0
2025/07/27 14:27:56 [notice] 1#1: signal 29 (SIGIO) received
2025/07/27 14:27:56 [notice] 1#1: signal 17 (SIGCHLD) received from 32
2025/07/27 14:27:56 [notice] 1#1: worker process 32 exited with code 0
2025/07/27 14:27:56 [notice] 1#1: signal 29 (SIGIO) received
2025/07/27 14:27:56 [notice] 1#1: signal 17 (SIGCHLD) received from 34
2025/07/27 14:27:56 [notice] 1#1: worker process 34 exited with code 0
2025/07/27 14:27:56 [notice] 1#1: signal 29 (SIGIO) received
2025/07/27 14:27:56 [notice] 1#1: signal 17 (SIGCHLD) received from 37
2025/07/27 14:27:56 [notice] 1#1: worker process 36 exited with code 0
2025/07/27 14:27:56 [notice] 1#1: worker process 37 exited with code 0
2025/07/27 14:27:56 [notice] 1#1: exit
